{"D:\\appassion\\projects\\my-first-fullstack\\frontend\\src\\__tests__\\helpers\\supabase-clients.js": {"path":"D:\\appassion\\projects\\my-first-fullstack\\frontend\\src\\__tests__\\helpers\\supabase-clients.js","statementMap":{"0":{"start":{"line":3,"column":21},"end":{"line":3,"column":null}},"1":{"start":{"line":4,"column":17},"end":{"line":4,"column":null}},"2":{"start":{"line":5,"column":25},"end":{"line":5,"column":null}},"3":{"start":{"line":10,"column":21},"end":{"line":14,"column":null}},"4":{"start":{"line":16,"column":19},"end":{"line":20,"column":null}},"5":{"start":{"line":22,"column":21},"end":{"line":26,"column":null}},"6":{"start":{"line":31,"column":13},"end":{"line":33,"column":2}},"7":{"start":{"line":40,"column":8},"end":{"line":42,"column":4}},"8":{"start":{"line":43,"column":20},"end":{"line":43,"column":77}},"9":{"start":{"line":44,"column":2},"end":{"line":44,"column":null}},"10":{"start":{"line":44,"column":13},"end":{"line":44,"column":null}},"11":{"start":{"line":45,"column":2},"end":{"line":45,"column":null}}},"fnMap":{"0":{"name":"signInAs","decl":{"start":{"line":39,"column":22},"end":{"line":39,"column":31}},"loc":{"start":{"line":39,"column":52},"end":{"line":45,"column":null}},"line":39}},"branchMap":{"0":{"loc":{"start":{"line":3,"column":21},"end":{"line":3,"column":null}},"type":"binary-expr","locations":[{"start":{"line":3,"column":21},"end":{"line":3,"column":58}},{"start":{"line":3,"column":58},"end":{"line":3,"column":null}}],"line":3},"1":{"loc":{"start":{"line":4,"column":17},"end":{"line":4,"column":null}},"type":"binary-expr","locations":[{"start":{"line":4,"column":17},"end":{"line":4,"column":59}},{"start":{"line":4,"column":59},"end":{"line":4,"column":null}}],"line":4},"2":{"loc":{"start":{"line":5,"column":25},"end":{"line":5,"column":null}},"type":"binary-expr","locations":[{"start":{"line":5,"column":25},"end":{"line":5,"column":75}},{"start":{"line":5,"column":75},"end":{"line":5,"column":null}}],"line":5},"3":{"loc":{"start":{"line":44,"column":2},"end":{"line":44,"column":null}},"type":"if","locations":[{"start":{"line":44,"column":2},"end":{"line":44,"column":null}},{"start":{},"end":{}}],"line":44}},"s":{"0":4,"1":4,"2":4,"3":4,"4":4,"5":4,"6":4,"7":6,"8":6,"9":6,"10":0,"11":6},"f":{"0":6},"b":{"0":[4,0],"1":[4,0],"2":[4,0],"3":[0,6]},"meta":{"lastBranch":4,"lastFunction":1,"lastStatement":12,"seen":{"s:3:21:3:Infinity":0,"b:3:21:3:58:3:58:3:Infinity":0,"s:4:17:4:Infinity":1,"b:4:17:4:59:4:59:4:Infinity":1,"s:5:25:5:Infinity":2,"b:5:25:5:75:5:75:5:Infinity":2,"s:10:21:14:Infinity":3,"s:16:19:20:Infinity":4,"s:22:21:26:Infinity":5,"s:31:13:33:2":6,"f:39:22:39:31":0,"s:40:8:42:4":7,"s:43:20:43:77":8,"b:44:2:44:Infinity:undefined:undefined:undefined:undefined":3,"s:44:2:44:Infinity":9,"s:44:13:44:Infinity":10,"s:45:2:45:Infinity":11}}}
,"D:\\appassion\\projects\\my-first-fullstack\\frontend\\src\\components\\AvatarBubble.jsx": {"path":"D:\\appassion\\projects\\my-first-fullstack\\frontend\\src\\components\\AvatarBubble.jsx","statementMap":{"0":{"start":{"line":18,"column":19},"end":{"line":23,"column":13}},"1":{"start":{"line":22,"column":14},"end":{"line":22,"column":40}},"2":{"start":{"line":25,"column":22},"end":{"line":25,"column":null}},"3":{"start":{"line":29,"column":2},"end":{"line":44,"column":null}}},"fnMap":{"0":{"name":"AvatarBubble","decl":{"start":{"line":14,"column":24},"end":{"line":14,"column":37}},"loc":{"start":{"line":14,"column":76},"end":{"line":44,"column":null}},"line":14},"1":{"name":"(anonymous_1)","decl":{"start":{"line":22,"column":5},"end":{"line":22,"column":9}},"loc":{"start":{"line":22,"column":14},"end":{"line":22,"column":40}},"line":22}},"branchMap":{"0":{"loc":{"start":{"line":14,"column":63},"end":{"line":14,"column":76}},"type":"default-arg","locations":[{"start":{"line":14,"column":70},"end":{"line":14,"column":76}}],"line":14},"1":{"loc":{"start":{"line":22,"column":14},"end":{"line":22,"column":40}},"type":"binary-expr","locations":[{"start":{"line":22,"column":14},"end":{"line":22,"column":33}},{"start":{"line":22,"column":37},"end":{"line":22,"column":40}}],"line":22},"2":{"loc":{"start":{"line":29,"column":9},"end":{"line":44,"column":null}},"type":"cond-expr","locations":[{"start":{"line":30,"column":4},"end":{"line":38,"column":5}},{"start":{"line":38,"column":4},"end":{"line":44,"column":null}}],"line":29}},"s":{"0":12,"1":20,"2":12,"3":12},"f":{"0":12,"1":20},"b":{"0":[12],"1":[20,0],"2":[0,12]},"meta":{"lastBranch":3,"lastFunction":2,"lastStatement":4,"seen":{"f:14:24:14:37":0,"b:14:70:14:76":0,"s:18:19:23:13":0,"f:22:5:22:9":1,"s:22:14:22:40":1,"b:22:14:22:33:22:37:22:40":1,"s:25:22:25:Infinity":2,"s:29:2:44:Infinity":3,"b:30:4:38:5:38:4:44:Infinity":2}}}
,"D:\\appassion\\projects\\my-first-fullstack\\frontend\\src\\components\\DocumentEditor.jsx": {"path":"D:\\appassion\\projects\\my-first-fullstack\\frontend\\src\\components\\DocumentEditor.jsx","statementMap":{"0":{"start":{"line":17,"column":6},"end":{"line":17,"column":null}},"1":{"start":{"line":17,"column":35},"end":{"line":17,"column":null}},"2":{"start":{"line":32,"column":10},"end":{"line":32,"column":36}},"3":{"start":{"line":33,"column":8},"end":{"line":33,"column":32}},"4":{"start":{"line":34,"column":31},"end":{"line":34,"column":64}},"5":{"start":{"line":37,"column":14},"end":{"line":37,"column":38}},"6":{"start":{"line":38,"column":21},"end":{"line":38,"column":52}},"7":{"start":{"line":39,"column":19},"end":{"line":39,"column":48}},"8":{"start":{"line":40,"column":20},"end":{"line":40,"column":48}},"9":{"start":{"line":43,"column":20},"end":{"line":43,"column":51}},"10":{"start":{"line":45,"column":26},"end":{"line":45,"column":62}},"11":{"start":{"line":48,"column":18},"end":{"line":48,"column":null}},"12":{"start":{"line":49,"column":18},"end":{"line":49,"column":null}},"13":{"start":{"line":54,"column":15},"end":{"line":54,"column":40}},"14":{"start":{"line":55,"column":8},"end":{"line":55,"column":30}},"15":{"start":{"line":56,"column":8},"end":{"line":56,"column":34}},"16":{"start":{"line":59,"column":8},"end":{"line":59,"column":34}},"17":{"start":{"line":60,"column":8},"end":{"line":60,"column":40}},"18":{"start":{"line":61,"column":8},"end":{"line":61,"column":31}},"19":{"start":{"line":62,"column":8},"end":{"line":62,"column":29}},"20":{"start":{"line":65,"column":8},"end":{"line":65,"column":39}},"21":{"start":{"line":68,"column":40},"end":{"line":68,"column":93}},"22":{"start":{"line":71,"column":8},"end":{"line":71,"column":49}},"23":{"start":{"line":74,"column":17},"end":{"line":75,"column":null}},"24":{"start":{"line":78,"column":2},"end":{"line":81,"column":null}},"25":{"start":{"line":79,"column":4},"end":{"line":79,"column":null}},"26":{"start":{"line":80,"column":4},"end":{"line":80,"column":null}},"27":{"start":{"line":87,"column":8},"end":{"line":87,"column":38}},"28":{"start":{"line":88,"column":2},"end":{"line":99,"column":null}},"29":{"start":{"line":89,"column":15},"end":{"line":89,"column":null}},"30":{"start":{"line":90,"column":18},"end":{"line":90,"column":null}},"31":{"start":{"line":91,"column":4},"end":{"line":91,"column":null}},"32":{"start":{"line":91,"column":23},"end":{"line":91,"column":null}},"33":{"start":{"line":92,"column":10},"end":{"line":93,"column":null}},"34":{"start":{"line":93,"column":6},"end":{"line":93,"column":null}},"35":{"start":{"line":96,"column":4},"end":{"line":96,"column":null}},"36":{"start":{"line":97,"column":4},"end":{"line":97,"column":null}},"37":{"start":{"line":98,"column":4},"end":{"line":98,"column":null}},"38":{"start":{"line":98,"column":17},"end":{"line":98,"column":59}},"39":{"start":{"line":102,"column":2},"end":{"line":172,"column":null}},"40":{"start":{"line":103,"column":20},"end":{"line":103,"column":null}},"41":{"start":{"line":104,"column":5},"end":{"line":163,"column":null}},"42":{"start":{"line":105,"column":35},"end":{"line":109,"column":17}},"43":{"start":{"line":110,"column":6},"end":{"line":110,"column":null}},"44":{"start":{"line":110,"column":21},"end":{"line":110,"column":null}},"45":{"start":{"line":111,"column":6},"end":{"line":114,"column":null}},"46":{"start":{"line":112,"column":8},"end":{"line":112,"column":null}},"47":{"start":{"line":113,"column":8},"end":{"line":113,"column":null}},"48":{"start":{"line":114,"column":8},"end":{"line":114,"column":null}},"49":{"start":{"line":116,"column":6},"end":{"line":116,"column":null}},"50":{"start":{"line":117,"column":6},"end":{"line":117,"column":null}},"51":{"start":{"line":120,"column":22},"end":{"line":120,"column":33}},"52":{"start":{"line":121,"column":6},"end":{"line":131,"column":null}},"53":{"start":{"line":122,"column":8},"end":{"line":127,"column":null}},"54":{"start":{"line":123,"column":10},"end":{"line":123,"column":null}},"55":{"start":{"line":127,"column":10},"end":{"line":127,"column":null}},"56":{"start":{"line":131,"column":8},"end":{"line":131,"column":null}},"57":{"start":{"line":133,"column":6},"end":{"line":133,"column":null}},"58":{"start":{"line":134,"column":6},"end":{"line":134,"column":null}},"59":{"start":{"line":137,"column":23},"end":{"line":140,"column":null}},"60":{"start":{"line":142,"column":6},"end":{"line":142,"column":null}},"61":{"start":{"line":145,"column":6},"end":{"line":146,"column":null}},"62":{"start":{"line":146,"column":8},"end":{"line":146,"column":null}},"63":{"start":{"line":146,"column":38},"end":{"line":146,"column":null}},"64":{"start":{"line":150,"column":6},"end":{"line":160,"column":null}},"65":{"start":{"line":151,"column":35},"end":{"line":156,"column":24}},"66":{"start":{"line":157,"column":8},"end":{"line":157,"column":null}},"67":{"start":{"line":157,"column":23},"end":{"line":157,"column":null}},"68":{"start":{"line":158,"column":8},"end":{"line":158,"column":null}},"69":{"start":{"line":160,"column":8},"end":{"line":160,"column":null}},"70":{"start":{"line":162,"column":6},"end":{"line":162,"column":null}},"71":{"start":{"line":164,"column":4},"end":{"line":170,"column":null}},"72":{"start":{"line":165,"column":6},"end":{"line":165,"column":null}},"73":{"start":{"line":166,"column":6},"end":{"line":166,"column":null}},"74":{"start":{"line":167,"column":6},"end":{"line":167,"column":null}},"75":{"start":{"line":168,"column":6},"end":{"line":168,"column":null}},"76":{"start":{"line":169,"column":6},"end":{"line":169,"column":null}},"77":{"start":{"line":170,"column":6},"end":{"line":170,"column":null}},"78":{"start":{"line":176,"column":2},"end":{"line":194,"column":null}},"79":{"start":{"line":177,"column":4},"end":{"line":177,"column":null}},"80":{"start":{"line":177,"column":21},"end":{"line":177,"column":null}},"81":{"start":{"line":178,"column":20},"end":{"line":192,"column":18}},"82":{"start":{"line":189,"column":10},"end":{"line":189,"column":null}},"83":{"start":{"line":193,"column":4},"end":{"line":193,"column":null}},"84":{"start":{"line":193,"column":19},"end":{"line":193,"column":null}},"85":{"start":{"line":197,"column":8},"end":{"line":209,"column":8}},"86":{"start":{"line":198,"column":4},"end":{"line":198,"column":null}},"87":{"start":{"line":198,"column":55},"end":{"line":198,"column":null}},"88":{"start":{"line":199,"column":18},"end":{"line":199,"column":49}},"89":{"start":{"line":200,"column":27},"end":{"line":207,"column":33}},"90":{"start":{"line":208,"column":4},"end":{"line":208,"column":null}},"91":{"start":{"line":208,"column":13},"end":{"line":208,"column":null}},"92":{"start":{"line":211,"column":69},"end":{"line":212,"column":27}},"93":{"start":{"line":215,"column":2},"end":{"line":219,"column":null}},"94":{"start":{"line":216,"column":10},"end":{"line":216,"column":48}},"95":{"start":{"line":216,"column":33},"end":{"line":216,"column":48}},"96":{"start":{"line":217,"column":4},"end":{"line":217,"column":null}},"97":{"start":{"line":218,"column":4},"end":{"line":218,"column":null}},"98":{"start":{"line":218,"column":17},"end":{"line":218,"column":75}},"99":{"start":{"line":224,"column":4},"end":{"line":224,"column":null}},"100":{"start":{"line":225,"column":4},"end":{"line":225,"column":null}},"101":{"start":{"line":229,"column":4},"end":{"line":229,"column":null}},"102":{"start":{"line":230,"column":4},"end":{"line":230,"column":null}},"103":{"start":{"line":231,"column":4},"end":{"line":231,"column":null}},"104":{"start":{"line":235,"column":4},"end":{"line":235,"column":null}},"105":{"start":{"line":236,"column":4},"end":{"line":236,"column":null}},"106":{"start":{"line":237,"column":4},"end":{"line":237,"column":null}},"107":{"start":{"line":241,"column":4},"end":{"line":241,"column":null}},"108":{"start":{"line":247,"column":15},"end":{"line":247,"column":null}},"109":{"start":{"line":248,"column":17},"end":{"line":248,"column":null}},"110":{"start":{"line":249,"column":4},"end":{"line":249,"column":null}},"111":{"start":{"line":249,"column":22},"end":{"line":249,"column":null}},"112":{"start":{"line":250,"column":57},"end":{"line":250,"column":null}},"113":{"start":{"line":251,"column":18},"end":{"line":251,"column":38}},"114":{"start":{"line":253,"column":4},"end":{"line":256,"column":null}},"115":{"start":{"line":254,"column":6},"end":{"line":254,"column":null}},"116":{"start":{"line":255,"column":6},"end":{"line":255,"column":null}},"117":{"start":{"line":257,"column":4},"end":{"line":257,"column":null}},"118":{"start":{"line":258,"column":4},"end":{"line":262,"column":null}},"119":{"start":{"line":259,"column":6},"end":{"line":259,"column":null}},"120":{"start":{"line":260,"column":6},"end":{"line":260,"column":null}},"121":{"start":{"line":261,"column":6},"end":{"line":261,"column":null}},"122":{"start":{"line":266,"column":18},"end":{"line":266,"column":null}},"123":{"start":{"line":267,"column":4},"end":{"line":267,"column":null}},"124":{"start":{"line":267,"column":16},"end":{"line":267,"column":null}},"125":{"start":{"line":268,"column":4},"end":{"line":271,"column":null}},"126":{"start":{"line":269,"column":6},"end":{"line":269,"column":null}},"127":{"start":{"line":270,"column":6},"end":{"line":270,"column":null}},"128":{"start":{"line":271,"column":6},"end":{"line":271,"column":null}},"129":{"start":{"line":273,"column":4},"end":{"line":273,"column":null}},"130":{"start":{"line":273,"column":56},"end":{"line":273,"column":null}},"131":{"start":{"line":274,"column":4},"end":{"line":279,"column":null}},"132":{"start":{"line":275,"column":6},"end":{"line":275,"column":null}},"133":{"start":{"line":276,"column":6},"end":{"line":276,"column":null}},"134":{"start":{"line":277,"column":15},"end":{"line":279,"column":null}},"135":{"start":{"line":278,"column":6},"end":{"line":278,"column":null}},"136":{"start":{"line":279,"column":6},"end":{"line":279,"column":null}},"137":{"start":{"line":285,"column":15},"end":{"line":285,"column":null}},"138":{"start":{"line":286,"column":4},"end":{"line":286,"column":null}},"139":{"start":{"line":286,"column":53},"end":{"line":286,"column":null}},"140":{"start":{"line":287,"column":10},"end":{"line":287,"column":60}},"141":{"start":{"line":288,"column":4},"end":{"line":288,"column":null}},"142":{"start":{"line":294,"column":4},"end":{"line":294,"column":null}},"143":{"start":{"line":298,"column":4},"end":{"line":298,"column":null}},"144":{"start":{"line":298,"column":50},"end":{"line":298,"column":null}},"145":{"start":{"line":299,"column":17},"end":{"line":299,"column":66}},"146":{"start":{"line":300,"column":10},"end":{"line":300,"column":null}},"147":{"start":{"line":301,"column":20},"end":{"line":301,"column":51}},"148":{"start":{"line":302,"column":4},"end":{"line":302,"column":null}},"149":{"start":{"line":308,"column":4},"end":{"line":311,"column":null}},"150":{"start":{"line":313,"column":8},"end":{"line":314,"column":null}},"151":{"start":{"line":314,"column":4},"end":{"line":314,"column":null}},"152":{"start":{"line":317,"column":2},"end":{"line":318,"column":null}},"153":{"start":{"line":318,"column":4},"end":{"line":318,"column":null}},"154":{"start":{"line":322,"column":2},"end":{"line":344,"column":null}},"155":{"start":{"line":323,"column":4},"end":{"line":344,"column":null}},"156":{"start":{"line":342,"column":73},"end":{"line":342,"column":95}},"157":{"start":{"line":351,"column":2},"end":{"line":511,"column":null}},"158":{"start":{"line":388,"column":31},"end":{"line":388,"column":49}},"159":{"start":{"line":396,"column":18},"end":{"line":410,"column":null}},"160":{"start":{"line":403,"column":35},"end":{"line":403,"column":53}},"161":{"start":{"line":422,"column":31},"end":{"line":422,"column":null}},"162":{"start":{"line":423,"column":30},"end":{"line":423,"column":null}},"163":{"start":{"line":447,"column":41},"end":{"line":447,"column":51}},"164":{"start":{"line":448,"column":24},"end":{"line":448,"column":null}},"165":{"start":{"line":448,"column":90},"end":{"line":448,"column":null}},"166":{"start":{"line":449,"column":45},"end":{"line":449,"column":101}},"167":{"start":{"line":451,"column":30},"end":{"line":451,"column":98}},"168":{"start":{"line":452,"column":43},"end":{"line":452,"column":null}},"169":{"start":{"line":453,"column":47},"end":{"line":453,"column":null}},"170":{"start":{"line":454,"column":45},"end":{"line":454,"column":null}},"171":{"start":{"line":455,"column":24},"end":{"line":476,"column":null}},"172":{"start":{"line":509,"column":25},"end":{"line":509,"column":null}}},"fnMap":{"0":{"name":"(anonymous_0)","decl":{"start":{"line":17,"column":24},"end":{"line":17,"column":35}},"loc":{"start":{"line":17,"column":35},"end":{"line":17,"column":null}},"line":17},"1":{"name":"DocumentEditor","decl":{"start":{"line":31,"column":24},"end":{"line":31,"column":39}},"loc":{"start":{"line":31,"column":73},"end":{"line":511,"column":null}},"line":31},"2":{"name":"(anonymous_2)","decl":{"start":{"line":78,"column":2},"end":{"line":78,"column":18}},"loc":{"start":{"line":78,"column":18},"end":{"line":81,"column":null}},"line":78},"3":{"name":"(anonymous_3)","decl":{"start":{"line":88,"column":2},"end":{"line":88,"column":24}},"loc":{"start":{"line":88,"column":24},"end":{"line":99,"column":6}},"line":88},"4":{"name":"(anonymous_4)","decl":{"start":{"line":92,"column":10},"end":{"line":92,"column":27}},"loc":{"start":{"line":92,"column":27},"end":{"line":93,"column":null}},"line":92},"5":{"name":"(anonymous_5)","decl":{"start":{"line":98,"column":4},"end":{"line":98,"column":17}},"loc":{"start":{"line":98,"column":17},"end":{"line":98,"column":59}},"line":98},"6":{"name":"(anonymous_6)","decl":{"start":{"line":102,"column":2},"end":{"line":102,"column":18}},"loc":{"start":{"line":102,"column":18},"end":{"line":172,"column":6}},"line":102},"7":{"name":"(anonymous_7)","decl":{"start":{"line":104,"column":6},"end":{"line":104,"column":18}},"loc":{"start":{"line":104,"column":18},"end":{"line":163,"column":null}},"line":104},"8":{"name":"(anonymous_8)","decl":{"start":{"line":145,"column":15},"end":{"line":145,"column":33}},"loc":{"start":{"line":145,"column":46},"end":{"line":146,"column":null}},"line":145},"9":{"name":"(anonymous_9)","decl":{"start":{"line":164,"column":4},"end":{"line":164,"column":17}},"loc":{"start":{"line":164,"column":17},"end":{"line":170,"column":null}},"line":164},"10":{"name":"(anonymous_10)","decl":{"start":{"line":176,"column":2},"end":{"line":176,"column":18}},"loc":{"start":{"line":176,"column":18},"end":{"line":194,"column":6}},"line":176},"11":{"name":"(anonymous_11)","decl":{"start":{"line":187,"column":9},"end":{"line":187,"column":null}},"loc":{"start":{"line":188,"column":14},"end":{"line":191,"column":null}},"line":188},"12":{"name":"(anonymous_12)","decl":{"start":{"line":193,"column":4},"end":{"line":193,"column":17}},"loc":{"start":{"line":193,"column":17},"end":{"line":193,"column":null}},"line":193},"13":{"name":"(anonymous_13)","decl":{"start":{"line":197,"column":33},"end":{"line":197,"column":45}},"loc":{"start":{"line":197,"column":45},"end":{"line":209,"column":7}},"line":197},"14":{"name":"(anonymous_14)","decl":{"start":{"line":215,"column":2},"end":{"line":215,"column":18}},"loc":{"start":{"line":215,"column":18},"end":{"line":219,"column":6}},"line":215},"15":{"name":"(anonymous_15)","decl":{"start":{"line":216,"column":10},"end":{"line":216,"column":33}},"loc":{"start":{"line":216,"column":33},"end":{"line":216,"column":48}},"line":216},"16":{"name":"(anonymous_16)","decl":{"start":{"line":218,"column":4},"end":{"line":218,"column":17}},"loc":{"start":{"line":218,"column":17},"end":{"line":218,"column":75}},"line":218},"17":{"name":"handleClose","decl":{"start":{"line":223,"column":11},"end":{"line":223,"column":25}},"loc":{"start":{"line":223,"column":25},"end":{"line":225,"column":null}},"line":223},"18":{"name":"handleTitleChange","decl":{"start":{"line":228,"column":11},"end":{"line":228,"column":29}},"loc":{"start":{"line":228,"column":32},"end":{"line":231,"column":null}},"line":228},"19":{"name":"handleBodyChange","decl":{"start":{"line":234,"column":11},"end":{"line":234,"column":28}},"loc":{"start":{"line":234,"column":31},"end":{"line":237,"column":null}},"line":234},"20":{"name":"handleSelect","decl":{"start":{"line":240,"column":11},"end":{"line":240,"column":24}},"loc":{"start":{"line":240,"column":27},"end":{"line":241,"column":null}},"line":240},"21":{"name":"wrapSelection","decl":{"start":{"line":246,"column":11},"end":{"line":246,"column":25}},"loc":{"start":{"line":246,"column":33},"end":{"line":262,"column":null}},"line":246},"22":{"name":"(anonymous_22)","decl":{"start":{"line":253,"column":9},"end":{"line":253,"column":24}},"loc":{"start":{"line":253,"column":24},"end":{"line":256,"column":15}},"line":253},"23":{"name":"(anonymous_23)","decl":{"start":{"line":258,"column":4},"end":{"line":258,"column":32}},"loc":{"start":{"line":258,"column":32},"end":{"line":262,"column":null}},"line":258},"24":{"name":"handleEditorKeyDown","decl":{"start":{"line":265,"column":11},"end":{"line":265,"column":31}},"loc":{"start":{"line":265,"column":34},"end":{"line":279,"column":null}},"line":265},"25":{"name":"scrollToPeer","decl":{"start":{"line":284,"column":11},"end":{"line":284,"column":24}},"loc":{"start":{"line":284,"column":30},"end":{"line":288,"column":null}},"line":284},"26":{"name":"handleDividerPointerDown","decl":{"start":{"line":293,"column":11},"end":{"line":293,"column":36}},"loc":{"start":{"line":293,"column":39},"end":{"line":294,"column":null}},"line":293},"27":{"name":"handleDividerPointerMove","decl":{"start":{"line":297,"column":11},"end":{"line":297,"column":36}},"loc":{"start":{"line":297,"column":39},"end":{"line":302,"column":null}},"line":297},"28":{"name":"(anonymous_28)","decl":{"start":{"line":313,"column":8},"end":{"line":313,"column":24}},"loc":{"start":{"line":314,"column":4},"end":{"line":314,"column":null}},"line":314},"29":{"name":"(anonymous_29)","decl":{"start":{"line":342,"column":58},"end":{"line":342,"column":73}},"loc":{"start":{"line":342,"column":73},"end":{"line":342,"column":95}},"line":342},"30":{"name":"(anonymous_30)","decl":{"start":{"line":388,"column":16},"end":{"line":388,"column":31}},"loc":{"start":{"line":388,"column":31},"end":{"line":388,"column":49}},"line":388},"31":{"name":"(anonymous_31)","decl":{"start":{"line":395,"column":23},"end":{"line":395,"column":28}},"loc":{"start":{"line":396,"column":18},"end":{"line":410,"column":null}},"line":396},"32":{"name":"(anonymous_32)","decl":{"start":{"line":403,"column":20},"end":{"line":403,"column":35}},"loc":{"start":{"line":403,"column":35},"end":{"line":403,"column":53}},"line":403},"33":{"name":"(anonymous_33)","decl":{"start":{"line":422,"column":14},"end":{"line":422,"column":29}},"loc":{"start":{"line":422,"column":29},"end":{"line":422,"column":null}},"line":422},"34":{"name":"(anonymous_34)","decl":{"start":{"line":423,"column":14},"end":{"line":423,"column":28}},"loc":{"start":{"line":423,"column":28},"end":{"line":423,"column":null}},"line":423},"35":{"name":"(anonymous_35)","decl":{"start":{"line":447,"column":27},"end":{"line":447,"column":35}},"loc":{"start":{"line":447,"column":41},"end":{"line":447,"column":51}},"line":447},"36":{"name":"(anonymous_36)","decl":{"start":{"line":447,"column":52},"end":{"line":447,"column":57}},"loc":{"start":{"line":447,"column":66},"end":{"line":476,"column":null}},"line":447},"37":{"name":"(anonymous_37)","decl":{"start":{"line":509,"column":10},"end":{"line":509,"column":25}},"loc":{"start":{"line":509,"column":25},"end":{"line":509,"column":null}},"line":509}},"branchMap":{"0":{"loc":{"start":{"line":48,"column":18},"end":{"line":48,"column":null}},"type":"binary-expr","locations":[{"start":{"line":48,"column":18},"end":{"line":48,"column":34}},{"start":{"line":48,"column":34},"end":{"line":48,"column":null}}],"line":48},"1":{"loc":{"start":{"line":49,"column":18},"end":{"line":49,"column":null}},"type":"binary-expr","locations":[{"start":{"line":49,"column":18},"end":{"line":49,"column":29}},{"start":{"line":49,"column":29},"end":{"line":49,"column":null}}],"line":49},"2":{"loc":{"start":{"line":91,"column":4},"end":{"line":91,"column":null}},"type":"if","locations":[{"start":{"line":91,"column":4},"end":{"line":91,"column":null}},{"start":{},"end":{}}],"line":91},"3":{"loc":{"start":{"line":91,"column":8},"end":{"line":91,"column":23}},"type":"binary-expr","locations":[{"start":{"line":91,"column":8},"end":{"line":91,"column":15}},{"start":{"line":91,"column":15},"end":{"line":91,"column":23}}],"line":91},"4":{"loc":{"start":{"line":110,"column":6},"end":{"line":110,"column":null}},"type":"if","locations":[{"start":{"line":110,"column":6},"end":{"line":110,"column":null}},{"start":{},"end":{}}],"line":110},"5":{"loc":{"start":{"line":111,"column":6},"end":{"line":114,"column":null}},"type":"if","locations":[{"start":{"line":111,"column":6},"end":{"line":114,"column":null}},{"start":{},"end":{}}],"line":111},"6":{"loc":{"start":{"line":121,"column":6},"end":{"line":131,"column":null}},"type":"if","locations":[{"start":{"line":121,"column":6},"end":{"line":131,"column":null}},{"start":{"line":129,"column":13},"end":{"line":131,"column":null}}],"line":121},"7":{"loc":{"start":{"line":127,"column":44},"end":{"line":127,"column":60}},"type":"binary-expr","locations":[{"start":{"line":127,"column":44},"end":{"line":127,"column":57}},{"start":{"line":127,"column":57},"end":{"line":127,"column":60}}],"line":127},"8":{"loc":{"start":{"line":131,"column":42},"end":{"line":131,"column":58}},"type":"binary-expr","locations":[{"start":{"line":131,"column":42},"end":{"line":131,"column":55}},{"start":{"line":131,"column":55},"end":{"line":131,"column":58}}],"line":131},"9":{"loc":{"start":{"line":146,"column":8},"end":{"line":146,"column":null}},"type":"if","locations":[{"start":{"line":146,"column":8},"end":{"line":146,"column":null}},{"start":{},"end":{}}],"line":146},"10":{"loc":{"start":{"line":150,"column":6},"end":{"line":160,"column":null}},"type":"if","locations":[{"start":{"line":150,"column":6},"end":{"line":160,"column":null}},{"start":{"line":159,"column":13},"end":{"line":160,"column":null}}],"line":150},"11":{"loc":{"start":{"line":157,"column":8},"end":{"line":157,"column":null}},"type":"if","locations":[{"start":{"line":157,"column":8},"end":{"line":157,"column":null}},{"start":{},"end":{}}],"line":157},"12":{"loc":{"start":{"line":158,"column":27},"end":{"line":158,"column":58}},"type":"binary-expr","locations":[{"start":{"line":158,"column":27},"end":{"line":158,"column":51}},{"start":{"line":158,"column":51},"end":{"line":158,"column":58}}],"line":158},"13":{"loc":{"start":{"line":177,"column":4},"end":{"line":177,"column":null}},"type":"if","locations":[{"start":{"line":177,"column":4},"end":{"line":177,"column":null}},{"start":{},"end":{}}],"line":177},"14":{"loc":{"start":{"line":198,"column":4},"end":{"line":198,"column":null}},"type":"if","locations":[{"start":{"line":198,"column":4},"end":{"line":198,"column":null}},{"start":{},"end":{}}],"line":198},"15":{"loc":{"start":{"line":198,"column":8},"end":{"line":198,"column":55}},"type":"binary-expr","locations":[{"start":{"line":198,"column":8},"end":{"line":198,"column":37}},{"start":{"line":198,"column":37},"end":{"line":198,"column":55}}],"line":198},"16":{"loc":{"start":{"line":208,"column":4},"end":{"line":208,"column":null}},"type":"if","locations":[{"start":{"line":208,"column":4},"end":{"line":208,"column":null}},{"start":{},"end":{}}],"line":208},"17":{"loc":{"start":{"line":249,"column":4},"end":{"line":249,"column":null}},"type":"if","locations":[{"start":{"line":249,"column":4},"end":{"line":249,"column":null}},{"start":{},"end":{}}],"line":249},"18":{"loc":{"start":{"line":249,"column":8},"end":{"line":249,"column":22}},"type":"binary-expr","locations":[{"start":{"line":249,"column":8},"end":{"line":249,"column":15}},{"start":{"line":249,"column":15},"end":{"line":249,"column":22}}],"line":249},"19":{"loc":{"start":{"line":266,"column":18},"end":{"line":266,"column":null}},"type":"binary-expr","locations":[{"start":{"line":266,"column":18},"end":{"line":266,"column":31}},{"start":{"line":266,"column":31},"end":{"line":266,"column":null}}],"line":266},"20":{"loc":{"start":{"line":267,"column":4},"end":{"line":267,"column":null}},"type":"if","locations":[{"start":{"line":267,"column":4},"end":{"line":267,"column":null}},{"start":{},"end":{}}],"line":267},"21":{"loc":{"start":{"line":268,"column":4},"end":{"line":271,"column":null}},"type":"if","locations":[{"start":{"line":268,"column":4},"end":{"line":271,"column":null}},{"start":{},"end":{}}],"line":268},"22":{"loc":{"start":{"line":273,"column":4},"end":{"line":273,"column":null}},"type":"if","locations":[{"start":{"line":273,"column":4},"end":{"line":273,"column":null}},{"start":{},"end":{}}],"line":273},"23":{"loc":{"start":{"line":274,"column":4},"end":{"line":279,"column":null}},"type":"if","locations":[{"start":{"line":274,"column":4},"end":{"line":279,"column":null}},{"start":{"line":277,"column":15},"end":{"line":279,"column":null}}],"line":274},"24":{"loc":{"start":{"line":277,"column":15},"end":{"line":279,"column":null}},"type":"if","locations":[{"start":{"line":277,"column":15},"end":{"line":279,"column":null}},{"start":{},"end":{}}],"line":277},"25":{"loc":{"start":{"line":286,"column":4},"end":{"line":286,"column":null}},"type":"if","locations":[{"start":{"line":286,"column":4},"end":{"line":286,"column":null}},{"start":{},"end":{}}],"line":286},"26":{"loc":{"start":{"line":286,"column":8},"end":{"line":286,"column":53}},"type":"binary-expr","locations":[{"start":{"line":286,"column":8},"end":{"line":286,"column":15}},{"start":{"line":286,"column":15},"end":{"line":286,"column":53}}],"line":286},"27":{"loc":{"start":{"line":298,"column":4},"end":{"line":298,"column":null}},"type":"if","locations":[{"start":{"line":298,"column":4},"end":{"line":298,"column":null}},{"start":{},"end":{}}],"line":298},"28":{"loc":{"start":{"line":308,"column":4},"end":{"line":311,"column":null}},"type":"cond-expr","locations":[{"start":{"line":308,"column":34},"end":{"line":308,"column":null}},{"start":{"line":309,"column":4},"end":{"line":311,"column":null}}],"line":308},"29":{"loc":{"start":{"line":309,"column":4},"end":{"line":311,"column":null}},"type":"cond-expr","locations":[{"start":{"line":309,"column":34},"end":{"line":309,"column":null}},{"start":{"line":310,"column":4},"end":{"line":311,"column":null}}],"line":309},"30":{"loc":{"start":{"line":310,"column":4},"end":{"line":311,"column":null}},"type":"cond-expr","locations":[{"start":{"line":310,"column":34},"end":{"line":310,"column":null}},{"start":{"line":311,"column":4},"end":{"line":311,"column":null}}],"line":310},"31":{"loc":{"start":{"line":314,"column":25},"end":{"line":314,"column":null}},"type":"cond-expr","locations":[{"start":{"line":314,"column":36},"end":{"line":314,"column":68}},{"start":{"line":314,"column":68},"end":{"line":314,"column":null}}],"line":314},"32":{"loc":{"start":{"line":317,"column":2},"end":{"line":318,"column":null}},"type":"if","locations":[{"start":{"line":317,"column":2},"end":{"line":318,"column":null}},{"start":{},"end":{}}],"line":317},"33":{"loc":{"start":{"line":322,"column":2},"end":{"line":344,"column":null}},"type":"if","locations":[{"start":{"line":322,"column":2},"end":{"line":344,"column":null}},{"start":{},"end":{}}],"line":322},"34":{"loc":{"start":{"line":322,"column":6},"end":{"line":322,"column":41}},"type":"binary-expr","locations":[{"start":{"line":322,"column":6},"end":{"line":322,"column":27}},{"start":{"line":322,"column":27},"end":{"line":322,"column":41}}],"line":322},"35":{"loc":{"start":{"line":331,"column":61},"end":{"line":331,"column":84}},"type":"binary-expr","locations":[{"start":{"line":331,"column":61},"end":{"line":331,"column":73}},{"start":{"line":331,"column":73},"end":{"line":331,"column":84}}],"line":331},"36":{"loc":{"start":{"line":340,"column":13},"end":{"line":340,"column":null}},"type":"binary-expr","locations":[{"start":{"line":340,"column":13},"end":{"line":340,"column":25}},{"start":{"line":340,"column":25},"end":{"line":340,"column":null}}],"line":340},"37":{"loc":{"start":{"line":359,"column":59},"end":{"line":359,"column":82}},"type":"binary-expr","locations":[{"start":{"line":359,"column":59},"end":{"line":359,"column":71}},{"start":{"line":359,"column":71},"end":{"line":359,"column":82}}],"line":359},"38":{"loc":{"start":{"line":368,"column":62},"end":{"line":368,"column":null}},"type":"cond-expr","locations":[{"start":{"line":368,"column":72},"end":{"line":368,"column":94}},{"start":{"line":368,"column":94},"end":{"line":368,"column":null}}],"line":368},"39":{"loc":{"start":{"line":374,"column":13},"end":{"line":383,"column":null}},"type":"cond-expr","locations":[{"start":{"line":375,"column":14},"end":{"line":383,"column":null}},{"start":{"line":383,"column":16},"end":{"line":383,"column":null}}],"line":374},"40":{"loc":{"start":{"line":377,"column":56},"end":{"line":377,"column":null}},"type":"binary-expr","locations":[{"start":{"line":377,"column":56},"end":{"line":377,"column":74}},{"start":{"line":377,"column":74},"end":{"line":377,"column":null}}],"line":377},"41":{"loc":{"start":{"line":384,"column":13},"end":{"line":392,"column":null}},"type":"cond-expr","locations":[{"start":{"line":385,"column":14},"end":{"line":392,"column":null}},{"start":{"line":392,"column":16},"end":{"line":392,"column":null}}],"line":384},"42":{"loc":{"start":{"line":393,"column":13},"end":{"line":413,"column":null}},"type":"cond-expr","locations":[{"start":{"line":394,"column":14},"end":{"line":413,"column":null}},{"start":{"line":413,"column":16},"end":{"line":413,"column":null}}],"line":393},"43":{"loc":{"start":{"line":416,"column":11},"end":{"line":428,"column":null}},"type":"cond-expr","locations":[{"start":{"line":417,"column":12},"end":{"line":428,"column":13}},{"start":{"line":428,"column":12},"end":{"line":428,"column":null}}],"line":416},"44":{"loc":{"start":{"line":431,"column":11},"end":{"line":501,"column":null}},"type":"cond-expr","locations":[{"start":{"line":432,"column":12},"end":{"line":495,"column":13}},{"start":{"line":495,"column":12},"end":{"line":501,"column":null}}],"line":431},"45":{"loc":{"start":{"line":448,"column":24},"end":{"line":448,"column":null}},"type":"if","locations":[{"start":{"line":448,"column":24},"end":{"line":448,"column":null}},{"start":{},"end":{}}],"line":448},"46":{"loc":{"start":{"line":448,"column":28},"end":{"line":448,"column":90}},"type":"binary-expr","locations":[{"start":{"line":448,"column":28},"end":{"line":448,"column":52}},{"start":{"line":448,"column":52},"end":{"line":448,"column":90}}],"line":448},"47":{"loc":{"start":{"line":452,"column":43},"end":{"line":452,"column":null}},"type":"binary-expr","locations":[{"start":{"line":452,"column":43},"end":{"line":452,"column":103}},{"start":{"line":452,"column":107},"end":{"line":452,"column":null}}],"line":452},"48":{"loc":{"start":{"line":506,"column":7},"end":{"line":511,"column":null}},"type":"cond-expr","locations":[{"start":{"line":507,"column":8},"end":{"line":511,"column":null}},{"start":{"line":511,"column":10},"end":{"line":511,"column":null}}],"line":506}},"s":{"0":1,"1":1,"2":8,"3":8,"4":8,"5":8,"6":8,"7":8,"8":8,"9":8,"10":8,"11":8,"12":8,"13":8,"14":8,"15":8,"16":8,"17":8,"18":8,"19":8,"20":8,"21":8,"22":8,"23":8,"24":8,"25":8,"26":8,"27":8,"28":8,"29":7,"30":7,"31":7,"32":4,"33":3,"34":3,"35":3,"36":3,"37":3,"38":3,"39":8,"40":4,"41":4,"42":4,"43":4,"44":0,"45":4,"46":0,"47":0,"48":0,"49":4,"50":4,"51":4,"52":4,"53":0,"54":0,"55":0,"56":4,"57":4,"58":4,"59":4,"60":4,"61":4,"62":0,"63":0,"64":4,"65":3,"66":3,"67":0,"68":3,"69":1,"70":4,"71":4,"72":4,"73":4,"74":4,"75":4,"76":4,"77":4,"78":8,"79":8,"80":0,"81":8,"82":0,"83":8,"84":8,"85":8,"86":0,"87":0,"88":0,"89":0,"90":0,"91":0,"92":8,"93":8,"94":8,"95":0,"96":8,"97":8,"98":8,"99":0,"100":0,"101":0,"102":0,"103":0,"104":0,"105":0,"106":0,"107":0,"108":0,"109":0,"110":0,"111":0,"112":0,"113":0,"114":0,"115":0,"116":0,"117":0,"118":0,"119":0,"120":0,"121":0,"122":0,"123":0,"124":0,"125":0,"126":0,"127":0,"128":0,"129":0,"130":0,"131":0,"132":0,"133":0,"134":0,"135":0,"136":0,"137":0,"138":0,"139":0,"140":0,"141":0,"142":0,"143":0,"144":0,"145":0,"146":0,"147":0,"148":0,"149":8,"150":8,"151":0,"152":8,"153":4,"154":4,"155":0,"156":0,"157":4,"158":0,"159":0,"160":0,"161":0,"162":0,"163":0,"164":0,"165":0,"166":0,"167":0,"168":0,"169":0,"170":0,"171":0,"172":0},"f":{"0":1,"1":8,"2":8,"3":7,"4":3,"5":3,"6":4,"7":4,"8":0,"9":4,"10":8,"11":0,"12":8,"13":0,"14":8,"15":0,"16":8,"17":0,"18":0,"19":0,"20":0,"21":0,"22":0,"23":0,"24":0,"25":0,"26":0,"27":0,"28":0,"29":0,"30":0,"31":0,"32":0,"33":0,"34":0,"35":0,"36":0,"37":0},"b":{"0":[8,4],"1":[8,7],"2":[4,3],"3":[7,3],"4":[0,4],"5":[0,4],"6":[0,4],"7":[0,0],"8":[4,0],"9":[0,0],"10":[3,1],"11":[0,3],"12":[3,0],"13":[0,8],"14":[0,0],"15":[0,0],"16":[0,0],"17":[0,0],"18":[0,0],"19":[0,0],"20":[0,0],"21":[0,0],"22":[0,0],"23":[0,0],"24":[0,0],"25":[0,0],"26":[0,0],"27":[0,0],"28":[0,8],"29":[0,8],"30":[0,8],"31":[0,0],"32":[4,4],"33":[0,4],"34":[4,4],"35":[0,0],"36":[0,0],"37":[4,0],"38":[3,1],"39":[3,1],"40":[3,0],"41":[1,3],"42":[0,4],"43":[3,1],"44":[3,1],"45":[0,0],"46":[0,0],"47":[0,0],"48":[0,4]},"meta":{"lastBranch":49,"lastFunction":38,"lastStatement":173,"seen":{"s:17:6:17:Infinity":0,"f:17:24:17:35":0,"s:17:35:17:Infinity":1,"f:31:24:31:39":1,"s:32:10:32:36":2,"s:33:8:33:32":3,"s:34:31:34:64":4,"s:37:14:37:38":5,"s:38:21:38:52":6,"s:39:19:39:48":7,"s:40:20:40:48":8,"s:43:20:43:51":9,"s:45:26:45:62":10,"s:48:18:48:Infinity":11,"b:48:18:48:34:48:34:48:Infinity":0,"s:49:18:49:Infinity":12,"b:49:18:49:29:49:29:49:Infinity":1,"s:54:15:54:40":13,"s:55:8:55:30":14,"s:56:8:56:34":15,"s:59:8:59:34":16,"s:60:8:60:40":17,"s:61:8:61:31":18,"s:62:8:62:29":19,"s:65:8:65:39":20,"s:68:40:68:93":21,"s:71:8:71:49":22,"s:74:17:75:Infinity":23,"s:78:2:81:Infinity":24,"f:78:2:78:18":2,"s:79:4:79:Infinity":25,"s:80:4:80:Infinity":26,"s:87:8:87:38":27,"s:88:2:99:Infinity":28,"f:88:2:88:24":3,"s:89:15:89:Infinity":29,"s:90:18:90:Infinity":30,"b:91:4:91:Infinity:undefined:undefined:undefined:undefined":2,"s:91:4:91:Infinity":31,"b:91:8:91:15:91:15:91:23":3,"s:91:23:91:Infinity":32,"s:92:10:93:Infinity":33,"f:92:10:92:27":4,"s:93:6:93:Infinity":34,"s:96:4:96:Infinity":35,"s:97:4:97:Infinity":36,"s:98:4:98:Infinity":37,"f:98:4:98:17":5,"s:98:17:98:59":38,"s:102:2:172:Infinity":39,"f:102:2:102:18":6,"s:103:20:103:Infinity":40,"s:104:5:163:Infinity":41,"f:104:6:104:18":7,"s:105:35:109:17":42,"b:110:6:110:Infinity:undefined:undefined:undefined:undefined":4,"s:110:6:110:Infinity":43,"s:110:21:110:Infinity":44,"b:111:6:114:Infinity:undefined:undefined:undefined:undefined":5,"s:111:6:114:Infinity":45,"s:112:8:112:Infinity":46,"s:113:8:113:Infinity":47,"s:114:8:114:Infinity":48,"s:116:6:116:Infinity":49,"s:117:6:117:Infinity":50,"s:120:22:120:33":51,"b:121:6:131:Infinity:129:13:131:Infinity":6,"s:121:6:131:Infinity":52,"s:122:8:127:Infinity":53,"s:123:10:123:Infinity":54,"s:127:10:127:Infinity":55,"b:127:44:127:57:127:57:127:60":7,"s:131:8:131:Infinity":56,"b:131:42:131:55:131:55:131:58":8,"s:133:6:133:Infinity":57,"s:134:6:134:Infinity":58,"s:137:23:140:Infinity":59,"s:142:6:142:Infinity":60,"s:145:6:146:Infinity":61,"f:145:15:145:33":8,"b:146:8:146:Infinity:undefined:undefined:undefined:undefined":9,"s:146:8:146:Infinity":62,"s:146:38:146:Infinity":63,"b:150:6:160:Infinity:159:13:160:Infinity":10,"s:150:6:160:Infinity":64,"s:151:35:156:24":65,"b:157:8:157:Infinity:undefined:undefined:undefined:undefined":11,"s:157:8:157:Infinity":66,"s:157:23:157:Infinity":67,"s:158:8:158:Infinity":68,"b:158:27:158:51:158:51:158:58":12,"s:160:8:160:Infinity":69,"s:162:6:162:Infinity":70,"s:164:4:170:Infinity":71,"f:164:4:164:17":9,"s:165:6:165:Infinity":72,"s:166:6:166:Infinity":73,"s:167:6:167:Infinity":74,"s:168:6:168:Infinity":75,"s:169:6:169:Infinity":76,"s:170:6:170:Infinity":77,"s:176:2:194:Infinity":78,"f:176:2:176:18":10,"b:177:4:177:Infinity:undefined:undefined:undefined:undefined":13,"s:177:4:177:Infinity":79,"s:177:21:177:Infinity":80,"s:178:20:192:18":81,"f:187:9:187:Infinity":11,"s:189:10:189:Infinity":82,"s:193:4:193:Infinity":83,"f:193:4:193:17":12,"s:193:19:193:Infinity":84,"s:197:8:209:8":85,"f:197:33:197:45":13,"b:198:4:198:Infinity:undefined:undefined:undefined:undefined":14,"s:198:4:198:Infinity":86,"b:198:8:198:37:198:37:198:55":15,"s:198:55:198:Infinity":87,"s:199:18:199:49":88,"s:200:27:207:33":89,"b:208:4:208:Infinity:undefined:undefined:undefined:undefined":16,"s:208:4:208:Infinity":90,"s:208:13:208:Infinity":91,"s:211:69:212:27":92,"s:215:2:219:Infinity":93,"f:215:2:215:18":14,"s:216:10:216:48":94,"f:216:10:216:33":15,"s:216:33:216:48":95,"s:217:4:217:Infinity":96,"s:218:4:218:Infinity":97,"f:218:4:218:17":16,"s:218:17:218:75":98,"f:223:11:223:25":17,"s:224:4:224:Infinity":99,"s:225:4:225:Infinity":100,"f:228:11:228:29":18,"s:229:4:229:Infinity":101,"s:230:4:230:Infinity":102,"s:231:4:231:Infinity":103,"f:234:11:234:28":19,"s:235:4:235:Infinity":104,"s:236:4:236:Infinity":105,"s:237:4:237:Infinity":106,"f:240:11:240:24":20,"s:241:4:241:Infinity":107,"f:246:11:246:25":21,"s:247:15:247:Infinity":108,"s:248:17:248:Infinity":109,"b:249:4:249:Infinity:undefined:undefined:undefined:undefined":17,"s:249:4:249:Infinity":110,"b:249:8:249:15:249:15:249:22":18,"s:249:22:249:Infinity":111,"s:250:57:250:Infinity":112,"s:251:18:251:38":113,"s:253:4:256:Infinity":114,"f:253:9:253:24":22,"s:254:6:254:Infinity":115,"s:255:6:255:Infinity":116,"s:257:4:257:Infinity":117,"s:258:4:262:Infinity":118,"f:258:4:258:32":23,"s:259:6:259:Infinity":119,"s:260:6:260:Infinity":120,"s:261:6:261:Infinity":121,"f:265:11:265:31":24,"s:266:18:266:Infinity":122,"b:266:18:266:31:266:31:266:Infinity":19,"b:267:4:267:Infinity:undefined:undefined:undefined:undefined":20,"s:267:4:267:Infinity":123,"s:267:16:267:Infinity":124,"b:268:4:271:Infinity:undefined:undefined:undefined:undefined":21,"s:268:4:271:Infinity":125,"s:269:6:269:Infinity":126,"s:270:6:270:Infinity":127,"s:271:6:271:Infinity":128,"b:273:4:273:Infinity:undefined:undefined:undefined:undefined":22,"s:273:4:273:Infinity":129,"s:273:56:273:Infinity":130,"b:274:4:279:Infinity:277:15:279:Infinity":23,"s:274:4:279:Infinity":131,"s:275:6:275:Infinity":132,"s:276:6:276:Infinity":133,"b:277:15:279:Infinity:undefined:undefined:undefined:undefined":24,"s:277:15:279:Infinity":134,"s:278:6:278:Infinity":135,"s:279:6:279:Infinity":136,"f:284:11:284:24":25,"s:285:15:285:Infinity":137,"b:286:4:286:Infinity:undefined:undefined:undefined:undefined":25,"s:286:4:286:Infinity":138,"b:286:8:286:15:286:15:286:53":26,"s:286:53:286:Infinity":139,"s:287:10:287:60":140,"s:288:4:288:Infinity":141,"f:293:11:293:36":26,"s:294:4:294:Infinity":142,"f:297:11:297:36":27,"b:298:4:298:Infinity:undefined:undefined:undefined:undefined":27,"s:298:4:298:Infinity":143,"s:298:50:298:Infinity":144,"s:299:17:299:66":145,"s:300:10:300:Infinity":146,"s:301:20:301:51":147,"s:302:4:302:Infinity":148,"s:308:4:311:Infinity":149,"b:308:34:308:Infinity:309:4:311:Infinity":28,"b:309:34:309:Infinity:310:4:311:Infinity":29,"b:310:34:310:Infinity:311:4:311:Infinity":30,"s:313:8:314:Infinity":150,"f:313:8:313:24":28,"s:314:4:314:Infinity":151,"b:314:36:314:68:314:68:314:Infinity":31,"b:317:2:318:Infinity:undefined:undefined:undefined:undefined":32,"s:317:2:318:Infinity":152,"s:318:4:318:Infinity":153,"b:322:2:344:Infinity:undefined:undefined:undefined:undefined":33,"s:322:2:344:Infinity":154,"b:322:6:322:27:322:27:322:41":34,"s:323:4:344:Infinity":155,"b:331:61:331:73:331:73:331:84":35,"b:340:13:340:25:340:25:340:Infinity":36,"f:342:58:342:73":29,"s:342:73:342:95":156,"s:351:2:511:Infinity":157,"b:359:59:359:71:359:71:359:82":37,"b:368:72:368:94:368:94:368:Infinity":38,"b:375:14:383:Infinity:383:16:383:Infinity":39,"b:377:56:377:74:377:74:377:Infinity":40,"b:385:14:392:Infinity:392:16:392:Infinity":41,"f:388:16:388:31":30,"s:388:31:388:49":158,"b:394:14:413:Infinity:413:16:413:Infinity":42,"f:395:23:395:28":31,"s:396:18:410:Infinity":159,"f:403:20:403:35":32,"s:403:35:403:53":160,"b:417:12:428:13:428:12:428:Infinity":43,"f:422:14:422:29":33,"s:422:31:422:Infinity":161,"f:423:14:423:28":34,"s:423:30:423:Infinity":162,"b:432:12:495:13:495:12:501:Infinity":44,"f:447:27:447:35":35,"s:447:41:447:51":163,"f:447:52:447:57":36,"b:448:24:448:Infinity:undefined:undefined:undefined:undefined":45,"s:448:24:448:Infinity":164,"b:448:28:448:52:448:52:448:90":46,"s:448:90:448:Infinity":165,"s:449:45:449:101":166,"s:451:30:451:98":167,"s:452:43:452:Infinity":168,"b:452:43:452:103:452:107:452:Infinity":47,"s:453:47:453:Infinity":169,"s:454:45:454:Infinity":170,"s:455:24:476:Infinity":171,"b:507:8:511:Infinity:511:10:511:Infinity":48,"f:509:10:509:25":37,"s:509:25:509:Infinity":172}}}
,"D:\\appassion\\projects\\my-first-fullstack\\frontend\\src\\components\\DocumentSharePanel.jsx": {"path":"D:\\appassion\\projects\\my-first-fullstack\\frontend\\src\\components\\DocumentSharePanel.jsx","statementMap":{"0":{"start":{"line":15,"column":91},"end":{"line":15,"column":136}},"1":{"start":{"line":17,"column":16},"end":{"line":17,"column":40}},"2":{"start":{"line":18,"column":21},"end":{"line":18,"column":54}},"3":{"start":{"line":19,"column":21},"end":{"line":19,"column":53}},"4":{"start":{"line":20,"column":20},"end":{"line":20,"column":50}},"5":{"start":{"line":21,"column":23},"end":{"line":21,"column":56}},"6":{"start":{"line":22,"column":8},"end":{"line":22,"column":31}},"7":{"start":{"line":23,"column":8},"end":{"line":23,"column":31}},"8":{"start":{"line":26,"column":2},"end":{"line":46,"column":null}},"9":{"start":{"line":27,"column":18},"end":{"line":27,"column":null}},"10":{"start":{"line":28,"column":4},"end":{"line":28,"column":null}},"11":{"start":{"line":28,"column":16},"end":{"line":28,"column":null}},"12":{"start":{"line":29,"column":22},"end":{"line":30,"column":null}},"13":{"start":{"line":32,"column":18},"end":{"line":32,"column":null}},"14":{"start":{"line":33,"column":17},"end":{"line":33,"column":null}},"15":{"start":{"line":34,"column":4},"end":{"line":34,"column":null}},"16":{"start":{"line":36,"column":6},"end":{"line":36,"column":null}},"17":{"start":{"line":36,"column":32},"end":{"line":36,"column":43}},"18":{"start":{"line":36,"column":43},"end":{"line":36,"column":null}},"19":{"start":{"line":37,"column":6},"end":{"line":37,"column":null}},"20":{"start":{"line":37,"column":27},"end":{"line":37,"column":null}},"21":{"start":{"line":38,"column":6},"end":{"line":41,"column":null}},"22":{"start":{"line":39,"column":8},"end":{"line":39,"column":null}},"23":{"start":{"line":39,"column":48},"end":{"line":39,"column":68}},"24":{"start":{"line":39,"column":68},"end":{"line":39,"column":null}},"25":{"start":{"line":41,"column":8},"end":{"line":41,"column":null}},"26":{"start":{"line":41,"column":47},"end":{"line":41,"column":67}},"27":{"start":{"line":41,"column":67},"end":{"line":41,"column":null}},"28":{"start":{"line":44,"column":4},"end":{"line":44,"column":null}},"29":{"start":{"line":45,"column":4},"end":{"line":45,"column":null}},"30":{"start":{"line":45,"column":17},"end":{"line":45,"column":68}},"31":{"start":{"line":48,"column":8},"end":{"line":52,"column":8}},"32":{"start":{"line":49,"column":4},"end":{"line":49,"column":null}},"33":{"start":{"line":50,"column":4},"end":{"line":50,"column":null}},"34":{"start":{"line":51,"column":4},"end":{"line":51,"column":null}},"35":{"start":{"line":51,"column":40},"end":{"line":51,"column":61}},"36":{"start":{"line":55,"column":2},"end":{"line":58,"column":null}},"37":{"start":{"line":56,"column":4},"end":{"line":56,"column":null}},"38":{"start":{"line":57,"column":4},"end":{"line":57,"column":null}},"39":{"start":{"line":57,"column":17},"end":{"line":57,"column":47}},"40":{"start":{"line":61,"column":4},"end":{"line":61,"column":null}},"41":{"start":{"line":62,"column":20},"end":{"line":62,"column":32}},"42":{"start":{"line":63,"column":4},"end":{"line":63,"column":null}},"43":{"start":{"line":63,"column":18},"end":{"line":63,"column":null}},"44":{"start":{"line":64,"column":4},"end":{"line":64,"column":null}},"45":{"start":{"line":65,"column":4},"end":{"line":65,"column":null}},"46":{"start":{"line":66,"column":16},"end":{"line":66,"column":55}},"47":{"start":{"line":67,"column":4},"end":{"line":71,"column":null}},"48":{"start":{"line":68,"column":6},"end":{"line":68,"column":null}},"49":{"start":{"line":70,"column":6},"end":{"line":70,"column":null}},"50":{"start":{"line":71,"column":6},"end":{"line":71,"column":null}},"51":{"start":{"line":73,"column":4},"end":{"line":73,"column":null}},"52":{"start":{"line":77,"column":16},"end":{"line":77,"column":62}},"53":{"start":{"line":78,"column":4},"end":{"line":78,"column":null}},"54":{"start":{"line":78,"column":13},"end":{"line":78,"column":null}},"55":{"start":{"line":82,"column":16},"end":{"line":82,"column":42}},"56":{"start":{"line":83,"column":4},"end":{"line":83,"column":null}},"57":{"start":{"line":83,"column":13},"end":{"line":83,"column":null}},"58":{"start":{"line":88,"column":4},"end":{"line":88,"column":null}},"59":{"start":{"line":88,"column":38},"end":{"line":88,"column":null}},"60":{"start":{"line":91,"column":2},"end":{"line":194,"column":null}},"61":{"start":{"line":122,"column":27},"end":{"line":122,"column":51}},"62":{"start":{"line":130,"column":27},"end":{"line":130,"column":56}},"63":{"start":{"line":159,"column":14},"end":{"line":185,"column":null}},"64":{"start":{"line":171,"column":33},"end":{"line":171,"column":81}},"65":{"start":{"line":180,"column":33},"end":{"line":180,"column":55}}},"fnMap":{"0":{"name":"DocumentSharePanel","decl":{"start":{"line":14,"column":24},"end":{"line":14,"column":43}},"loc":{"start":{"line":14,"column":68},"end":{"line":194,"column":null}},"line":14},"1":{"name":"(anonymous_1)","decl":{"start":{"line":26,"column":2},"end":{"line":26,"column":18}},"loc":{"start":{"line":26,"column":18},"end":{"line":46,"column":6}},"line":26},"2":{"name":"handleKeyDown","decl":{"start":{"line":35,"column":13},"end":{"line":35,"column":27}},"loc":{"start":{"line":35,"column":30},"end":{"line":41,"column":null}},"line":35},"3":{"name":"(anonymous_3)","decl":{"start":{"line":45,"column":4},"end":{"line":45,"column":17}},"loc":{"start":{"line":45,"column":17},"end":{"line":45,"column":68}},"line":45},"4":{"name":"(anonymous_4)","decl":{"start":{"line":48,"column":20},"end":{"line":48,"column":33}},"loc":{"start":{"line":48,"column":41},"end":{"line":52,"column":7}},"line":48},"5":{"name":"(anonymous_5)","decl":{"start":{"line":51,"column":23},"end":{"line":51,"column":40}},"loc":{"start":{"line":51,"column":40},"end":{"line":51,"column":61}},"line":51},"6":{"name":"(anonymous_6)","decl":{"start":{"line":55,"column":2},"end":{"line":55,"column":18}},"loc":{"start":{"line":55,"column":18},"end":{"line":58,"column":6}},"line":55},"7":{"name":"(anonymous_7)","decl":{"start":{"line":57,"column":4},"end":{"line":57,"column":17}},"loc":{"start":{"line":57,"column":17},"end":{"line":57,"column":47}},"line":57},"8":{"name":"handleSubmit","decl":{"start":{"line":60,"column":17},"end":{"line":60,"column":30}},"loc":{"start":{"line":60,"column":33},"end":{"line":73,"column":null}},"line":60},"9":{"name":"handlePermissionChange","decl":{"start":{"line":76,"column":17},"end":{"line":76,"column":40}},"loc":{"start":{"line":76,"column":64},"end":{"line":78,"column":null}},"line":76},"10":{"name":"handleRevoke","decl":{"start":{"line":81,"column":17},"end":{"line":81,"column":30}},"loc":{"start":{"line":81,"column":39},"end":{"line":83,"column":null}},"line":81},"11":{"name":"handleBackdropClick","decl":{"start":{"line":87,"column":11},"end":{"line":87,"column":31}},"loc":{"start":{"line":87,"column":34},"end":{"line":88,"column":null}},"line":87},"12":{"name":"(anonymous_12)","decl":{"start":{"line":122,"column":12},"end":{"line":122,"column":22}},"loc":{"start":{"line":122,"column":27},"end":{"line":122,"column":51}},"line":122},"13":{"name":"(anonymous_13)","decl":{"start":{"line":130,"column":12},"end":{"line":130,"column":22}},"loc":{"start":{"line":130,"column":27},"end":{"line":130,"column":56}},"line":130},"14":{"name":"(anonymous_14)","decl":{"start":{"line":158,"column":19},"end":{"line":158,"column":23}},"loc":{"start":{"line":159,"column":14},"end":{"line":185,"column":null}},"line":159},"15":{"name":"(anonymous_15)","decl":{"start":{"line":171,"column":18},"end":{"line":171,"column":28}},"loc":{"start":{"line":171,"column":33},"end":{"line":171,"column":81}},"line":171},"16":{"name":"(anonymous_16)","decl":{"start":{"line":180,"column":18},"end":{"line":180,"column":33}},"loc":{"start":{"line":180,"column":33},"end":{"line":180,"column":55}},"line":180}},"branchMap":{"0":{"loc":{"start":{"line":28,"column":4},"end":{"line":28,"column":null}},"type":"if","locations":[{"start":{"line":28,"column":4},"end":{"line":28,"column":null}},{"start":{},"end":{}}],"line":28},"1":{"loc":{"start":{"line":36,"column":6},"end":{"line":36,"column":null}},"type":"if","locations":[{"start":{"line":36,"column":6},"end":{"line":36,"column":null}},{"start":{},"end":{}}],"line":36},"2":{"loc":{"start":{"line":37,"column":6},"end":{"line":37,"column":null}},"type":"if","locations":[{"start":{"line":37,"column":6},"end":{"line":37,"column":null}},{"start":{},"end":{}}],"line":37},"3":{"loc":{"start":{"line":38,"column":6},"end":{"line":41,"column":null}},"type":"if","locations":[{"start":{"line":38,"column":6},"end":{"line":41,"column":null}},{"start":{"line":40,"column":13},"end":{"line":41,"column":null}}],"line":38},"4":{"loc":{"start":{"line":39,"column":8},"end":{"line":39,"column":null}},"type":"if","locations":[{"start":{"line":39,"column":8},"end":{"line":39,"column":null}},{"start":{},"end":{}}],"line":39},"5":{"loc":{"start":{"line":41,"column":8},"end":{"line":41,"column":null}},"type":"if","locations":[{"start":{"line":41,"column":8},"end":{"line":41,"column":null}},{"start":{},"end":{}}],"line":41},"6":{"loc":{"start":{"line":63,"column":4},"end":{"line":63,"column":null}},"type":"if","locations":[{"start":{"line":63,"column":4},"end":{"line":63,"column":null}},{"start":{},"end":{}}],"line":63},"7":{"loc":{"start":{"line":67,"column":4},"end":{"line":71,"column":null}},"type":"if","locations":[{"start":{"line":67,"column":4},"end":{"line":71,"column":null}},{"start":{"line":69,"column":11},"end":{"line":71,"column":null}}],"line":67},"8":{"loc":{"start":{"line":78,"column":4},"end":{"line":78,"column":null}},"type":"if","locations":[{"start":{"line":78,"column":4},"end":{"line":78,"column":null}},{"start":{},"end":{}}],"line":78},"9":{"loc":{"start":{"line":83,"column":4},"end":{"line":83,"column":null}},"type":"if","locations":[{"start":{"line":83,"column":4},"end":{"line":83,"column":null}},{"start":{},"end":{}}],"line":83},"10":{"loc":{"start":{"line":88,"column":4},"end":{"line":88,"column":null}},"type":"if","locations":[{"start":{"line":88,"column":4},"end":{"line":88,"column":null}},{"start":{},"end":{}}],"line":88},"11":{"loc":{"start":{"line":140,"column":22},"end":{"line":140,"column":49}},"type":"binary-expr","locations":[{"start":{"line":140,"column":22},"end":{"line":140,"column":36}},{"start":{"line":140,"column":36},"end":{"line":140,"column":49}}],"line":140},"12":{"loc":{"start":{"line":142,"column":13},"end":{"line":142,"column":null}},"type":"cond-expr","locations":[{"start":{"line":142,"column":26},"end":{"line":142,"column":39}},{"start":{"line":142,"column":39},"end":{"line":142,"column":null}}],"line":142},"13":{"loc":{"start":{"line":145,"column":9},"end":{"line":147,"column":null}},"type":"cond-expr","locations":[{"start":{"line":146,"column":10},"end":{"line":147,"column":null}},{"start":{"line":147,"column":12},"end":{"line":147,"column":null}}],"line":145},"14":{"loc":{"start":{"line":151,"column":11},"end":{"line":185,"column":null}},"type":"cond-expr","locations":[{"start":{"line":152,"column":12},"end":{"line":153,"column":29}},{"start":{"line":153,"column":14},"end":{"line":185,"column":null}}],"line":151},"15":{"loc":{"start":{"line":153,"column":14},"end":{"line":185,"column":null}},"type":"cond-expr","locations":[{"start":{"line":154,"column":12},"end":{"line":155,"column":21}},{"start":{"line":155,"column":14},"end":{"line":185,"column":null}}],"line":153},"16":{"loc":{"start":{"line":155,"column":14},"end":{"line":185,"column":null}},"type":"cond-expr","locations":[{"start":{"line":156,"column":12},"end":{"line":158,"column":19}},{"start":{"line":158,"column":12},"end":{"line":185,"column":null}}],"line":155},"17":{"loc":{"start":{"line":162,"column":21},"end":{"line":162,"column":null}},"type":"binary-expr","locations":[{"start":{"line":162,"column":21},"end":{"line":162,"column":47}},{"start":{"line":162,"column":47},"end":{"line":162,"column":69}},{"start":{"line":162,"column":69},"end":{"line":162,"column":null}}],"line":162},"18":{"loc":{"start":{"line":164,"column":19},"end":{"line":166,"column":null}},"type":"cond-expr","locations":[{"start":{"line":165,"column":20},"end":{"line":166,"column":null}},{"start":{"line":166,"column":22},"end":{"line":166,"column":null}}],"line":164},"19":{"loc":{"start":{"line":172,"column":48},"end":{"line":172,"column":null}},"type":"binary-expr","locations":[{"start":{"line":172,"column":48},"end":{"line":172,"column":70}},{"start":{"line":172,"column":70},"end":{"line":172,"column":null}}],"line":172},"20":{"loc":{"start":{"line":181,"column":51},"end":{"line":181,"column":null}},"type":"binary-expr","locations":[{"start":{"line":181,"column":51},"end":{"line":181,"column":73}},{"start":{"line":181,"column":73},"end":{"line":181,"column":null}}],"line":181},"21":{"loc":{"start":{"line":190,"column":9},"end":{"line":192,"column":null}},"type":"cond-expr","locations":[{"start":{"line":191,"column":10},"end":{"line":192,"column":null}},{"start":{"line":192,"column":12},"end":{"line":192,"column":null}}],"line":190}},"s":{"0":0,"1":0,"2":0,"3":0,"4":0,"5":0,"6":0,"7":0,"8":0,"9":0,"10":0,"11":0,"12":0,"13":0,"14":0,"15":0,"16":0,"17":0,"18":0,"19":0,"20":0,"21":0,"22":0,"23":0,"24":0,"25":0,"26":0,"27":0,"28":0,"29":0,"30":0,"31":0,"32":0,"33":0,"34":0,"35":0,"36":0,"37":0,"38":0,"39":0,"40":0,"41":0,"42":0,"43":0,"44":0,"45":0,"46":0,"47":0,"48":0,"49":0,"50":0,"51":0,"52":0,"53":0,"54":0,"55":0,"56":0,"57":0,"58":0,"59":0,"60":0,"61":0,"62":0,"63":0,"64":0,"65":0},"f":{"0":0,"1":0,"2":0,"3":0,"4":0,"5":0,"6":0,"7":0,"8":0,"9":0,"10":0,"11":0,"12":0,"13":0,"14":0,"15":0,"16":0},"b":{"0":[0,0],"1":[0,0],"2":[0,0],"3":[0,0],"4":[0,0],"5":[0,0],"6":[0,0],"7":[0,0],"8":[0,0],"9":[0,0],"10":[0,0],"11":[0,0],"12":[0,0],"13":[0,0],"14":[0,0],"15":[0,0],"16":[0,0],"17":[0,0,0],"18":[0,0],"19":[0,0],"20":[0,0],"21":[0,0]},"meta":{"lastBranch":22,"lastFunction":17,"lastStatement":66,"seen":{"f:14:24:14:43":0,"s:15:91:15:136":0,"s:17:16:17:40":1,"s:18:21:18:54":2,"s:19:21:19:53":3,"s:20:20:20:50":4,"s:21:23:21:56":5,"s:22:8:22:31":6,"s:23:8:23:31":7,"s:26:2:46:Infinity":8,"f:26:2:26:18":1,"s:27:18:27:Infinity":9,"b:28:4:28:Infinity:undefined:undefined:undefined:undefined":0,"s:28:4:28:Infinity":10,"s:28:16:28:Infinity":11,"s:29:22:30:Infinity":12,"s:32:18:32:Infinity":13,"s:33:17:33:Infinity":14,"s:34:4:34:Infinity":15,"f:35:13:35:27":2,"b:36:6:36:Infinity:undefined:undefined:undefined:undefined":1,"s:36:6:36:Infinity":16,"s:36:32:36:43":17,"s:36:43:36:Infinity":18,"b:37:6:37:Infinity:undefined:undefined:undefined:undefined":2,"s:37:6:37:Infinity":19,"s:37:27:37:Infinity":20,"b:38:6:41:Infinity:40:13:41:Infinity":3,"s:38:6:41:Infinity":21,"b:39:8:39:Infinity:undefined:undefined:undefined:undefined":4,"s:39:8:39:Infinity":22,"s:39:48:39:68":23,"s:39:68:39:Infinity":24,"b:41:8:41:Infinity:undefined:undefined:undefined:undefined":5,"s:41:8:41:Infinity":25,"s:41:47:41:67":26,"s:41:67:41:Infinity":27,"s:44:4:44:Infinity":28,"s:45:4:45:Infinity":29,"f:45:4:45:17":3,"s:45:17:45:68":30,"s:48:8:52:8":31,"f:48:20:48:33":4,"s:49:4:49:Infinity":32,"s:50:4:50:Infinity":33,"s:51:4:51:Infinity":34,"f:51:23:51:40":5,"s:51:40:51:61":35,"s:55:2:58:Infinity":36,"f:55:2:55:18":6,"s:56:4:56:Infinity":37,"s:57:4:57:Infinity":38,"f:57:4:57:17":7,"s:57:17:57:47":39,"f:60:17:60:30":8,"s:61:4:61:Infinity":40,"s:62:20:62:32":41,"b:63:4:63:Infinity:undefined:undefined:undefined:undefined":6,"s:63:4:63:Infinity":42,"s:63:18:63:Infinity":43,"s:64:4:64:Infinity":44,"s:65:4:65:Infinity":45,"s:66:16:66:55":46,"b:67:4:71:Infinity:69:11:71:Infinity":7,"s:67:4:71:Infinity":47,"s:68:6:68:Infinity":48,"s:70:6:70:Infinity":49,"s:71:6:71:Infinity":50,"s:73:4:73:Infinity":51,"f:76:17:76:40":9,"s:77:16:77:62":52,"b:78:4:78:Infinity:undefined:undefined:undefined:undefined":8,"s:78:4:78:Infinity":53,"s:78:13:78:Infinity":54,"f:81:17:81:30":10,"s:82:16:82:42":55,"b:83:4:83:Infinity:undefined:undefined:undefined:undefined":9,"s:83:4:83:Infinity":56,"s:83:13:83:Infinity":57,"f:87:11:87:31":11,"b:88:4:88:Infinity:undefined:undefined:undefined:undefined":10,"s:88:4:88:Infinity":58,"s:88:38:88:Infinity":59,"s:91:2:194:Infinity":60,"f:122:12:122:22":12,"s:122:27:122:51":61,"f:130:12:130:22":13,"s:130:27:130:56":62,"b:140:22:140:36:140:36:140:49":11,"b:142:26:142:39:142:39:142:Infinity":12,"b:146:10:147:Infinity:147:12:147:Infinity":13,"b:152:12:153:29:153:14:185:Infinity":14,"b:154:12:155:21:155:14:185:Infinity":15,"b:156:12:158:19:158:12:185:Infinity":16,"f:158:19:158:23":14,"s:159:14:185:Infinity":63,"b:162:21:162:47:162:47:162:69:162:69:162:Infinity":17,"b:165:20:166:Infinity:166:22:166:Infinity":18,"f:171:18:171:28":15,"s:171:33:171:81":64,"b:172:48:172:70:172:70:172:Infinity":19,"f:180:18:180:33":16,"s:180:33:180:55":65,"b:181:51:181:73:181:73:181:Infinity":20,"b:191:10:192:Infinity:192:12:192:Infinity":21}}}
,"D:\\appassion\\projects\\my-first-fullstack\\frontend\\src\\components\\MarkdownPreview.jsx": {"path":"D:\\appassion\\projects\\my-first-fullstack\\frontend\\src\\components\\MarkdownPreview.jsx","statementMap":{"0":{"start":{"line":15,"column":0},"end":{"line":15,"column":null}},"1":{"start":{"line":16,"column":0},"end":{"line":16,"column":null}},"2":{"start":{"line":17,"column":0},"end":{"line":17,"column":null}},"3":{"start":{"line":18,"column":0},"end":{"line":18,"column":null}},"4":{"start":{"line":19,"column":0},"end":{"line":19,"column":null}},"5":{"start":{"line":20,"column":0},"end":{"line":20,"column":null}},"6":{"start":{"line":21,"column":0},"end":{"line":21,"column":null}},"7":{"start":{"line":22,"column":0},"end":{"line":22,"column":null}},"8":{"start":{"line":23,"column":0},"end":{"line":23,"column":null}},"9":{"start":{"line":24,"column":0},"end":{"line":24,"column":null}},"10":{"start":{"line":25,"column":0},"end":{"line":25,"column":null}},"11":{"start":{"line":26,"column":0},"end":{"line":26,"column":null}},"12":{"start":{"line":29,"column":16},"end":{"line":29,"column":null}},"13":{"start":{"line":37,"column":16},"end":{"line":37,"column":45}},"14":{"start":{"line":38,"column":2},"end":{"line":42,"column":null}},"15":{"start":{"line":39,"column":4},"end":{"line":42,"column":null}},"16":{"start":{"line":45,"column":2},"end":{"line":45,"column":null}},"17":{"start":{"line":49,"column":22},"end":{"line":49,"column":33}},"18":{"start":{"line":50,"column":21},"end":{"line":50,"column":40}},"19":{"start":{"line":59,"column":6},"end":{"line":67,"column":null}},"20":{"start":{"line":60,"column":2},"end":{"line":65,"column":null}}},"fnMap":{"0":{"name":"CodeBlock","decl":{"start":{"line":36,"column":9},"end":{"line":36,"column":19}},"loc":{"start":{"line":36,"column":44},"end":{"line":45,"column":null}},"line":36},"1":{"name":"MarkdownPreview","decl":{"start":{"line":59,"column":38},"end":{"line":59,"column":54}},"loc":{"start":{"line":59,"column":68},"end":{"line":67,"column":null}},"line":59}},"branchMap":{"0":{"loc":{"start":{"line":37,"column":29},"end":{"line":37,"column":45}},"type":"binary-expr","locations":[{"start":{"line":37,"column":29},"end":{"line":37,"column":42}},{"start":{"line":37,"column":42},"end":{"line":37,"column":45}}],"line":37},"1":{"loc":{"start":{"line":38,"column":2},"end":{"line":42,"column":null}},"type":"if","locations":[{"start":{"line":38,"column":2},"end":{"line":42,"column":null}},{"start":{},"end":{}}],"line":38}},"s":{"0":0,"1":0,"2":0,"3":0,"4":0,"5":0,"6":0,"7":0,"8":0,"9":0,"10":0,"11":0,"12":0,"13":0,"14":0,"15":0,"16":0,"17":0,"18":0,"19":0,"20":0},"f":{"0":0,"1":0},"b":{"0":[0,0],"1":[0,0]},"meta":{"lastBranch":2,"lastFunction":2,"lastStatement":21,"seen":{"s:15:0:15:Infinity":0,"s:16:0:16:Infinity":1,"s:17:0:17:Infinity":2,"s:18:0:18:Infinity":3,"s:19:0:19:Infinity":4,"s:20:0:20:Infinity":5,"s:21:0:21:Infinity":6,"s:22:0:22:Infinity":7,"s:23:0:23:Infinity":8,"s:24:0:24:Infinity":9,"s:25:0:25:Infinity":10,"s:26:0:26:Infinity":11,"s:29:16:29:Infinity":12,"f:36:9:36:19":0,"s:37:16:37:45":13,"b:37:29:37:42:37:42:37:45":0,"b:38:2:42:Infinity:undefined:undefined:undefined:undefined":1,"s:38:2:42:Infinity":14,"s:39:4:42:Infinity":15,"s:45:2:45:Infinity":16,"s:49:22:49:33":17,"s:50:21:50:40":18,"s:59:6:67:Infinity":19,"f:59:38:59:54":1,"s:60:2:65:Infinity":20}}}
,"D:\\appassion\\projects\\my-first-fullstack\\frontend\\src\\components\\NoteCard.jsx": {"path":"D:\\appassion\\projects\\my-first-fullstack\\frontend\\src\\components\\NoteCard.jsx","statementMap":{"0":{"start":{"line":43,"column":17},"end":{"line":43,"column":55}},"1":{"start":{"line":43,"column":45},"end":{"line":43,"column":54}},"2":{"start":{"line":47,"column":8},"end":{"line":47,"column":41}},"3":{"start":{"line":51,"column":25},"end":{"line":51,"column":60}},"4":{"start":{"line":52,"column":8},"end":{"line":52,"column":44}},"5":{"start":{"line":55,"column":19},"end":{"line":55,"column":49}},"6":{"start":{"line":56,"column":20},"end":{"line":56,"column":51}},"7":{"start":{"line":57,"column":24},"end":{"line":57,"column":59}},"8":{"start":{"line":58,"column":8},"end":{"line":58,"column":30}},"9":{"start":{"line":59,"column":8},"end":{"line":59,"column":33}},"10":{"start":{"line":65,"column":2},"end":{"line":97,"column":null}},"11":{"start":{"line":66,"column":24},"end":{"line":66,"column":null}},"12":{"start":{"line":68,"column":4},"end":{"line":68,"column":null}},"13":{"start":{"line":68,"column":41},"end":{"line":68,"column":65}},"14":{"start":{"line":69,"column":4},"end":{"line":69,"column":null}},"15":{"start":{"line":71,"column":4},"end":{"line":73,"column":null}},"16":{"start":{"line":72,"column":6},"end":{"line":72,"column":null}},"17":{"start":{"line":73,"column":6},"end":{"line":73,"column":null}},"18":{"start":{"line":76,"column":20},"end":{"line":76,"column":null}},"19":{"start":{"line":78,"column":4},"end":{"line":94,"column":null}},"20":{"start":{"line":80,"column":8},"end":{"line":82,"column":28}},"21":{"start":{"line":81,"column":30},"end":{"line":81,"column":103}},"22":{"start":{"line":82,"column":23},"end":{"line":82,"column":28}},"23":{"start":{"line":85,"column":6},"end":{"line":88,"column":null}},"24":{"start":{"line":87,"column":8},"end":{"line":87,"column":null}},"25":{"start":{"line":87,"column":29},"end":{"line":87,"column":60}},"26":{"start":{"line":88,"column":8},"end":{"line":88,"column":null}},"27":{"start":{"line":90,"column":18},"end":{"line":90,"column":27}},"28":{"start":{"line":91,"column":6},"end":{"line":91,"column":null}},"29":{"start":{"line":91,"column":29},"end":{"line":91,"column":61}},"30":{"start":{"line":91,"column":36},"end":{"line":91,"column":61}},"31":{"start":{"line":92,"column":6},"end":{"line":92,"column":null}},"32":{"start":{"line":93,"column":6},"end":{"line":93,"column":null}},"33":{"start":{"line":96,"column":4},"end":{"line":96,"column":null}},"34":{"start":{"line":96,"column":19},"end":{"line":96,"column":null}},"35":{"start":{"line":101,"column":2},"end":{"line":120,"column":null}},"36":{"start":{"line":102,"column":4},"end":{"line":104,"column":null}},"37":{"start":{"line":103,"column":6},"end":{"line":103,"column":null}},"38":{"start":{"line":104,"column":6},"end":{"line":104,"column":null}},"39":{"start":{"line":106,"column":4},"end":{"line":108,"column":null}},"40":{"start":{"line":107,"column":6},"end":{"line":107,"column":null}},"41":{"start":{"line":108,"column":6},"end":{"line":108,"column":null}},"42":{"start":{"line":110,"column":20},"end":{"line":110,"column":null}},"43":{"start":{"line":111,"column":4},"end":{"line":118,"column":null}},"44":{"start":{"line":113,"column":8},"end":{"line":113,"column":null}},"45":{"start":{"line":113,"column":32},"end":{"line":113,"column":null}},"46":{"start":{"line":114,"column":20},"end":{"line":114,"column":45}},"47":{"start":{"line":115,"column":8},"end":{"line":115,"column":null}},"48":{"start":{"line":116,"column":8},"end":{"line":116,"column":null}},"49":{"start":{"line":119,"column":4},"end":{"line":119,"column":null}},"50":{"start":{"line":119,"column":19},"end":{"line":119,"column":null}},"51":{"start":{"line":124,"column":2},"end":{"line":134,"column":null}},"52":{"start":{"line":125,"column":4},"end":{"line":125,"column":null}},"53":{"start":{"line":125,"column":19},"end":{"line":125,"column":null}},"54":{"start":{"line":127,"column":6},"end":{"line":129,"column":null}},"55":{"start":{"line":128,"column":8},"end":{"line":128,"column":null}},"56":{"start":{"line":129,"column":8},"end":{"line":129,"column":null}},"57":{"start":{"line":132,"column":4},"end":{"line":132,"column":null}},"58":{"start":{"line":133,"column":4},"end":{"line":133,"column":null}},"59":{"start":{"line":133,"column":17},"end":{"line":133,"column":73}},"60":{"start":{"line":136,"column":2},"end":{"line":318,"column":null}},"61":{"start":{"line":152,"column":14},"end":{"line":159,"column":null}},"62":{"start":{"line":156,"column":31},"end":{"line":156,"column":52}},"63":{"start":{"line":166,"column":14},"end":{"line":198,"column":null}},"64":{"start":{"line":193,"column":35},"end":{"line":193,"column":67}},"65":{"start":{"line":219,"column":16},"end":{"line":221,"column":null}},"66":{"start":{"line":220,"column":31},"end":{"line":220,"column":74}},"67":{"start":{"line":221,"column":18},"end":{"line":221,"column":null}},"68":{"start":{"line":223,"column":16},"end":{"line":223,"column":null}},"69":{"start":{"line":223,"column":33},"end":{"line":223,"column":36}},"70":{"start":{"line":224,"column":16},"end":{"line":224,"column":null}},"71":{"start":{"line":224,"column":30},"end":{"line":224,"column":null}},"72":{"start":{"line":236,"column":39},"end":{"line":236,"column":61}},"73":{"start":{"line":236,"column":61},"end":{"line":236,"column":81}},"74":{"start":{"line":236,"column":81},"end":{"line":236,"column":null}},"75":{"start":{"line":247,"column":45},"end":{"line":247,"column":73}},"76":{"start":{"line":247,"column":73},"end":{"line":247,"column":93}},"77":{"start":{"line":247,"column":93},"end":{"line":247,"column":null}},"78":{"start":{"line":254,"column":43},"end":{"line":254,"column":66}},"79":{"start":{"line":265,"column":39},"end":{"line":265,"column":61}},"80":{"start":{"line":278,"column":41},"end":{"line":278,"column":59}},"81":{"start":{"line":278,"column":59},"end":{"line":278,"column":null}},"82":{"start":{"line":288,"column":41},"end":{"line":288,"column":70}},"83":{"start":{"line":288,"column":70},"end":{"line":288,"column":null}},"84":{"start":{"line":298,"column":41},"end":{"line":298,"column":55}},"85":{"start":{"line":298,"column":55},"end":{"line":298,"column":null}},"86":{"start":{"line":308,"column":41},"end":{"line":308,"column":61}},"87":{"start":{"line":308,"column":61},"end":{"line":308,"column":null}}},"fnMap":{"0":{"name":"NoteCard","decl":{"start":{"line":39,"column":29},"end":{"line":39,"column":38}},"loc":{"start":{"line":39,"column":248},"end":{"line":322,"column":null}},"line":39},"1":{"name":"(anonymous_1)","decl":{"start":{"line":43,"column":30},"end":{"line":43,"column":45}},"loc":{"start":{"line":43,"column":45},"end":{"line":43,"column":54}},"line":43},"2":{"name":"(anonymous_2)","decl":{"start":{"line":65,"column":2},"end":{"line":65,"column":18}},"loc":{"start":{"line":65,"column":18},"end":{"line":97,"column":6}},"line":65},"3":{"name":"(anonymous_3)","decl":{"start":{"line":68,"column":26},"end":{"line":68,"column":34}},"loc":{"start":{"line":68,"column":41},"end":{"line":68,"column":65}},"line":68},"4":{"name":"(anonymous_4)","decl":{"start":{"line":79,"column":18},"end":{"line":79,"column":22}},"loc":{"start":{"line":80,"column":8},"end":{"line":82,"column":28}},"line":80},"5":{"name":"(anonymous_5)","decl":{"start":{"line":81,"column":11},"end":{"line":81,"column":17}},"loc":{"start":{"line":81,"column":30},"end":{"line":81,"column":103}},"line":81},"6":{"name":"(anonymous_6)","decl":{"start":{"line":82,"column":11},"end":{"line":82,"column":23}},"loc":{"start":{"line":82,"column":23},"end":{"line":82,"column":28}},"line":82},"7":{"name":"(anonymous_7)","decl":{"start":{"line":84,"column":6},"end":{"line":84,"column":11}},"loc":{"start":{"line":84,"column":22},"end":{"line":94,"column":null}},"line":84},"8":{"name":"(anonymous_8)","decl":{"start":{"line":87,"column":16},"end":{"line":87,"column":24}},"loc":{"start":{"line":87,"column":29},"end":{"line":87,"column":60}},"line":87},"9":{"name":"(anonymous_9)","decl":{"start":{"line":91,"column":14},"end":{"line":91,"column":22}},"loc":{"start":{"line":91,"column":27},"end":{"line":91,"column":null}},"line":91},"10":{"name":"(anonymous_10)","decl":{"start":{"line":96,"column":4},"end":{"line":96,"column":17}},"loc":{"start":{"line":96,"column":17},"end":{"line":96,"column":null}},"line":96},"11":{"name":"(anonymous_11)","decl":{"start":{"line":101,"column":2},"end":{"line":101,"column":18}},"loc":{"start":{"line":101,"column":18},"end":{"line":120,"column":6}},"line":101},"12":{"name":"(anonymous_12)","decl":{"start":{"line":112,"column":7},"end":{"line":112,"column":13}},"loc":{"start":{"line":112,"column":26},"end":{"line":117,"column":null}},"line":112},"13":{"name":"(anonymous_13)","decl":{"start":{"line":118,"column":7},"end":{"line":118,"column":19}},"loc":{"start":{"line":118,"column":19},"end":{"line":118,"column":22}},"line":118},"14":{"name":"(anonymous_14)","decl":{"start":{"line":119,"column":4},"end":{"line":119,"column":17}},"loc":{"start":{"line":119,"column":17},"end":{"line":119,"column":null}},"line":119},"15":{"name":"(anonymous_15)","decl":{"start":{"line":124,"column":2},"end":{"line":124,"column":18}},"loc":{"start":{"line":124,"column":18},"end":{"line":134,"column":6}},"line":124},"16":{"name":"handleOutside","decl":{"start":{"line":126,"column":13},"end":{"line":126,"column":27}},"loc":{"start":{"line":126,"column":30},"end":{"line":129,"column":null}},"line":126},"17":{"name":"(anonymous_17)","decl":{"start":{"line":133,"column":4},"end":{"line":133,"column":17}},"loc":{"start":{"line":133,"column":17},"end":{"line":133,"column":73}},"line":133},"18":{"name":"(anonymous_18)","decl":{"start":{"line":151,"column":28},"end":{"line":151,"column":32}},"loc":{"start":{"line":152,"column":14},"end":{"line":159,"column":null}},"line":152},"19":{"name":"(anonymous_19)","decl":{"start":{"line":156,"column":16},"end":{"line":156,"column":31}},"loc":{"start":{"line":156,"column":31},"end":{"line":156,"column":52}},"line":156},"20":{"name":"(anonymous_20)","decl":{"start":{"line":165,"column":35},"end":{"line":165,"column":39}},"loc":{"start":{"line":166,"column":14},"end":{"line":198,"column":null}},"line":166},"21":{"name":"(anonymous_21)","decl":{"start":{"line":193,"column":20},"end":{"line":193,"column":35}},"loc":{"start":{"line":193,"column":35},"end":{"line":193,"column":67}},"line":193},"22":{"name":"(anonymous_22)","decl":{"start":{"line":218,"column":14},"end":{"line":218,"column":29}},"loc":{"start":{"line":218,"column":29},"end":{"line":224,"column":null}},"line":218},"23":{"name":"(anonymous_23)","decl":{"start":{"line":223,"column":16},"end":{"line":223,"column":28}},"loc":{"start":{"line":223,"column":33},"end":{"line":223,"column":36}},"line":223},"24":{"name":"(anonymous_24)","decl":{"start":{"line":236,"column":22},"end":{"line":236,"column":37}},"loc":{"start":{"line":236,"column":37},"end":{"line":236,"column":null}},"line":236},"25":{"name":"(anonymous_25)","decl":{"start":{"line":247,"column":28},"end":{"line":247,"column":43}},"loc":{"start":{"line":247,"column":43},"end":{"line":247,"column":null}},"line":247},"26":{"name":"(anonymous_26)","decl":{"start":{"line":254,"column":28},"end":{"line":254,"column":43}},"loc":{"start":{"line":254,"column":43},"end":{"line":254,"column":66}},"line":254},"27":{"name":"(anonymous_27)","decl":{"start":{"line":265,"column":24},"end":{"line":265,"column":39}},"loc":{"start":{"line":265,"column":39},"end":{"line":265,"column":61}},"line":265},"28":{"name":"(anonymous_28)","decl":{"start":{"line":278,"column":24},"end":{"line":278,"column":39}},"loc":{"start":{"line":278,"column":39},"end":{"line":278,"column":null}},"line":278},"29":{"name":"(anonymous_29)","decl":{"start":{"line":288,"column":24},"end":{"line":288,"column":39}},"loc":{"start":{"line":288,"column":39},"end":{"line":288,"column":null}},"line":288},"30":{"name":"(anonymous_30)","decl":{"start":{"line":298,"column":24},"end":{"line":298,"column":39}},"loc":{"start":{"line":298,"column":39},"end":{"line":298,"column":null}},"line":298},"31":{"name":"(anonymous_31)","decl":{"start":{"line":308,"column":24},"end":{"line":308,"column":39}},"loc":{"start":{"line":308,"column":39},"end":{"line":308,"column":null}},"line":308}},"branchMap":{"0":{"loc":{"start":{"line":39,"column":58},"end":{"line":39,"column":74}},"type":"default-arg","locations":[{"start":{"line":39,"column":68},"end":{"line":39,"column":74}}],"line":39},"1":{"loc":{"start":{"line":39,"column":74},"end":{"line":39,"column":98}},"type":"default-arg","locations":[{"start":{"line":39,"column":92},"end":{"line":39,"column":98}}],"line":39},"2":{"loc":{"start":{"line":39,"column":98},"end":{"line":39,"column":114}},"type":"default-arg","locations":[{"start":{"line":39,"column":108},"end":{"line":39,"column":114}}],"line":39},"3":{"loc":{"start":{"line":39,"column":114},"end":{"line":39,"column":132}},"type":"default-arg","locations":[{"start":{"line":39,"column":126},"end":{"line":39,"column":132}}],"line":39},"4":{"loc":{"start":{"line":39,"column":132},"end":{"line":39,"column":156}},"type":"default-arg","locations":[{"start":{"line":39,"column":150},"end":{"line":39,"column":156}}],"line":39},"5":{"loc":{"start":{"line":71,"column":4},"end":{"line":73,"column":null}},"type":"if","locations":[{"start":{"line":71,"column":4},"end":{"line":73,"column":null}},{"start":{},"end":{}}],"line":71},"6":{"loc":{"start":{"line":71,"column":8},"end":{"line":71,"column":50}},"type":"binary-expr","locations":[{"start":{"line":71,"column":8},"end":{"line":71,"column":24}},{"start":{"line":71,"column":24},"end":{"line":71,"column":50}}],"line":71},"7":{"loc":{"sta
[...]
e":40,"column":null}},"6":{"start":{"line":43,"column":4},"end":{"line":43,"column":null}},"7":{"start":{"line":47,"column":4},"end":{"line":47,"column":null}},"8":{"start":{"line":49,"column":4},"end":{"line":49,"column":null}},"9":{"start":{"line":51,"column":4},"end":{"line":51,"column":null}},"10":{"start":{"line":55,"column":4},"end":{"line":55,"column":null}},"11":{"start":{"line":58,"column":4},"end":{"line":60,"column":null}},"12":{"start":{"line":59,"column":6},"end":{"line":59,"column":null}},"13":{"start":{"line":59,"column":52},"end":{"line":59,"column":null}},"14":{"start":{"line":60,"column":6},"end":{"line":60,"column":null}},"15":{"start":{"line":62,"column":4},"end":{"line":62,"column":null}},"16":{"start":{"line":65,"column":4},"end":{"line":113,"column":null}},"17":{"start":{"line":68,"column":8},"end":{"line":68,"column":null}},"18":{"start":{"line":68,"column":28},"end":{"line":68,"column":null}},"19":{"start":{"line":69,"column":14},"end":{"line":69,"column":57}},"20":{"start":{"line":70,"column":8},"end":{"line":70,"column":null}},"21":{"start":{"line":73,"column":8},"end":{"line":73,"column":null}},"22":{"start":{"line":73,"column":28},"end":{"line":73,"column":null}},"23":{"start":{"line":75,"column":22},"end":{"line":75,"column":49}},"24":{"start":{"line":76,"column":8},"end":{"line":76,"column":null}},"25":{"start":{"line":79,"column":8},"end":{"line":79,"column":null}},"26":{"start":{"line":79,"column":28},"end":{"line":79,"column":null}},"27":{"start":{"line":80,"column":14},"end":{"line":80,"column":55}},"28":{"start":{"line":81,"column":8},"end":{"line":81,"column":null}},"29":{"start":{"line":82,"column":8},"end":{"line":82,"column":null}},"30":{"start":{"line":86,"column":8},"end":{"line":86,"column":null}},"31":{"start":{"line":86,"column":28},"end":{"line":86,"column":null}},"32":{"start":{"line":87,"column":8},"end":{"line":87,"column":null}},"33":{"start":{"line":90,"column":8},"end":{"line":90,"column":null}},"34":{"start":{"line":90,"column":28},"end":{"line":90,"column":null}},"35":{"start":{"line":91,"column":8},"end":{"line":91,"column":null}},"36":{"start":{"line":94,"column":8},"end":{"line":94,"column":null}},"37":{"start":{"line":94,"column":28},"end":{"line":94,"column":null}},"38":{"start":{"line":95,"column":8},"end":{"line":95,"column":null}},"39":{"start":{"line":99,"column":8},"end":{"line":99,"column":null}},"40":{"start":{"line":99,"column":28},"end":{"line":99,"column":null}},"41":{"start":{"line":100,"column":8},"end":{"line":100,"column":null}},"42":{"start":{"line":103,"column":8},"end":{"line":111,"column":null}},"43":{"start":{"line":105,"column":10},"end":{"line":105,"column":null}},"44":{"start":{"line":107,"column":10},"end":{"line":107,"column":null}},"45":{"start":{"line":109,"column":10},"end":{"line":111,"column":null}},"46":{"start":{"line":110,"column":12},"end":{"line":110,"column":null}},"47":{"start":{"line":118,"column":4},"end":{"line":121,"column":null}},"48":{"start":{"line":119,"column":6},"end":{"line":119,"column":null}},"49":{"start":{"line":121,"column":6},"end":{"line":121,"column":null}},"50":{"start":{"line":129,"column":4},"end":{"line":129,"column":null}},"51":{"start":{"line":129,"column":24},"end":{"line":129,"column":null}},"52":{"start":{"line":130,"column":4},"end":{"line":130,"column":null}},"53":{"start":{"line":135,"column":4},"end":{"line":135,"column":null}},"54":{"start":{"line":135,"column":24},"end":{"line":135,"column":null}},"55":{"start":{"line":136,"column":4},"end":{"line":136,"column":null}},"56":{"start":{"line":141,"column":4},"end":{"line":141,"column":null}},"57":{"start":{"line":141,"column":24},"end":{"line":141,"column":null}},"58":{"start":{"line":142,"column":4},"end":{"line":142,"column":null}},"59":{"start":{"line":152,"column":4},"end":{"line":159,"column":null}},"60":{"start":{"line":153,"column":6},"end":{"line":157,"column":null}},"61":{"start":{"line":159,"column":6},"end":{"line":159,"column":null}},"62":{"start":{"line":164,"column":4},"end":{"line":164,"column":null}},"63":{"start":{"line":164,"column":21},"end":{"line":164,"column":null}},"64":{"start":{"line":165,"column":4},"end":{"line":165,"column":null}},"65":{"start":{"line":166,"column":4},"end":{"line":166,"column":null}},"66":{"start":{"line":167,"column":4},"end":{"line":167,"column":null}},"67":{"start":{"line":168,"column":4},"end":{"line":168,"column":null}},"68":{"start":{"line":168,"column":46},"end":{"line":168,"column":null}},"69":{"start":{"line":169,"column":4},"end":{"line":169,"column":null}},"70":{"start":{"line":173,"column":4},"end":{"line":173,"column":null}},"71":{"start":{"line":173,"column":24},"end":{"line":173,"column":null}},"72":{"start":{"line":174,"column":4},"end":{"line":174,"column":null}},"73":{"start":{"line":175,"column":4},"end":{"line":175,"column":null}},"74":{"start":{"line":176,"column":4},"end":{"line":176,"column":null}},"75":{"start":{"line":177,"column":4},"end":{"line":177,"column":null}}},"fnMap":{"0":{"name":"(anonymous_0)","decl":{"start":{"line":33,"column":2},"end":{"line":33,"column":14}},"loc":{"start":{"line":33,"column":49},"end":{"line":113,"column":null}},"line":33},"1":{"name":"(anonymous_1)","decl":{"start":{"line":58,"column":9},"end":{"line":58,"column":22}},"loc":{"start":{"line":58,"column":41},"end":{"line":60,"column":null}},"line":58},"2":{"name":"(anonymous_2)","decl":{"start":{"line":67,"column":46},"end":{"line":67,"column":49}},"loc":{"start":{"line":67,"column":65},"end":{"line":71,"column":null}},"line":67},"3":{"name":"(anonymous_3)","decl":{"start":{"line":72,"column":53},"end":{"line":72,"column":61}},"loc":{"start":{"line":72,"column":61},"end":{"line":77,"column":null}},"line":72},"4":{"name":"(anonymous_4)","decl":{"start":{"line":78,"column":54},"end":{"line":78,"column":57}},"loc":{"start":{"line":78,"column":73},"end":{"line":83,"column":null}},"line":78},"5":{"name":"(anonymous_5)","decl":{"start":{"line":85,"column":51},"end":{"line":85,"column":54}},"loc":{"start":{"line":85,"column":70},"end":{"line":88,"column":null}},"line":85},"6":{"name":"(anonymous_6)","decl":{"start":{"line":89,"column":52},"end":{"line":89,"column":60}},"loc":{"start":{"line":89,"column":60},"end":{"line":92,"column":null}},"line":89},"7":{"name":"(anonymous_7)","decl":{"start":{"line":93,"column":50},"end":{"line":93,"column":53}},"loc":{"start":{"line":93,"column":69},"end":{"line":96,"column":null}},"line":93},"8":{"name":"(anonymous_8)","decl":{"start":{"line":98,"column":48},"end":{"line":98,"column":51}},"loc":{"start":{"line":98,"column":67},"end":{"line":101,"column":null}},"line":98},"9":{"name":"(anonymous_9)","decl":{"start":{"line":102,"column":7},"end":{"line":102,"column":18}},"loc":{"start":{"line":102,"column":29},"end":{"line":113,"column":null}},"line":102},"10":{"name":"(anonymous_10)","decl":{"start":{"line":109,"column":30},"end":{"line":109,"column":47}},"loc":{"start":{"line":109,"column":47},"end":{"line":111,"column":29}},"line":109},"11":{"name":"(anonymous_11)","decl":{"start":{"line":117,"column":2},"end":{"line":117,"column":11}},"loc":{"start":{"line":117,"column":20},"end":{"line":121,"column":null}},"line":117},"12":{"name":"(anonymous_12)","decl":{"start":{"line":128,"column":2},"end":{"line":128,"column":20}},"loc":{"start":{"line":128,"column":27},"end":{"line":130,"column":null}},"line":128},"13":{"name":"(anonymous_13)","decl":{"start":{"line":134,"column":2},"end":{"line":134,"column":17}},"loc":{"start":{"line":134,"column":25},"end":{"line":136,"column":null}},"line":134},"14":{"name":"(anonymous_14)","decl":{"start":{"line":140,"column":2},"end":{"line":140,"column":23}},"loc":{"start":{"line":140,"column":30},"end":{"line":142,"column":null}},"line":140},"15":{"name":"(anonymous_15)","decl":{"start":{"line":151,"column":2},"end":{"line":151,"column":8}},"loc":{"start":{"line":151,"column":24},"end":{"line":159,"column":null}},"line":151},"16":{"name":"(anonymous_16)","decl":{"start":{"line":163,"column":2},"end":{"line":163,"column":16}},"loc":{"start":{"line":163,"column":16},"end":{"line":169,"column":null}},"line":163},"17":{"name":"(anonymous_17)","decl":{"start":{"line":172,"column":2},"end":{"line":172,"column":12}},"loc":{"start":{"line":172,"column":12},"end":{"line":177,"column":null}},"line":172}},"branchMap":{"0":{"loc":{"start":{"line":59,"column":6},"end":{"line":59,"column":null}},"type":"if","locations":[{"start":{"line":59,"column":6},"end":{"line":59,"column":null}},{"start":{},"end":{}}],"line":59},"1":{"loc":{"start":{"line":59,"column":10},"end":{"line":59,"column":52}},"type":"binary-expr","locations":[{"start":{"line":59,"column":10},"end":{"line":59,"column":36}},{"start":{"line":59,"column":36},"end":{"line":59,"column":52}}],"line":59},"2":{"loc":{"start":{"line":68,"column":8},"end":{"line":68,"column":null}},"type":"if","locations":[{"start":{"line":68,"column":8},"end":{"line":68,"column":null}},{"start":{},"end":{}}],"line":68},"3":{"loc":{"start":{"line":73,"column":8},"end":{"line":73,"column":null}},"type":"if","locations":[{"start":{"line":73,"column":8},"end":{"line":73,"column":null}},{"start":{},"end":{}}],"line":73},"4":{"loc":{"start":{"line":79,"column":8},"end":{"line":79,"column":null}},"type":"if","locations":[{"start":{"line":79,"column":8},"end":{"line":79,"column":null}},{"start":{},"end":{}}],"line":79},"5":{"loc":{"start":{"line":86,"column":8},"end":{"line":86,"column":null}},"type":"if","locations":[{"start":{"line":86,"column":8},"end":{"line":86,"column":null}},{"start":{},"end":{}}],"line":86},"6":{"loc":{"start":{"line":90,"column":8},"end":{"line":90,"column":null}},"type":"if","locations":[{"start":{"line":90,"column":8},"end":{"line":90,"column":null}},{"start":{},"end":{}}],"line":90},"7":{"loc":{"start":{"line":94,"column":8},"end":{"line":94,"column":null}},"type":"if","locations":[{"start":{"line":94,"column":8},"end":{"line":94,"column":null}},{"start":{},"end":{}}],"line":94},"8":{"loc":{"start":{"line":99,"column":8},"end":{"line":99,"column":null}},"type":"if","locations":[{"start":{"line":99,"column":8},"end":{"line":99,"column":null}},{"start":{},"end":{}}],"line":99},"9":{"loc":{"start":{"line":103,"column":8},"end":{"line":111,"column":null}},"type":"if","locations":[{"start":{"line":103,"column":8},"end":{"line":111,"column":null}},{"start":{},"end":{}}],"line":103},"10":{"loc":{"start":{"line":103,"column":12},"end":{"line":103,"column":56}},"type":"binary-expr","locations":[{"start":{"line":103,"column":12},"end":{"line":103,"column":39}},{"start":{"line":103,"column":39},"end":{"line":103,"column":56}}],"line":103},"11":{"loc":{"start":{"line":118,"column":4},"end":{"line":121,"column":null}},"type":"if","locations":[{"start":{"line":118,"column":4},"end":{"line":121,"column":null}},{"start":{"line":120,"column":11},"end":{"line":121,"column":null}}],"line":118},"12":{"loc":{"start":{"line":129,"column":4},"end":{"line":129,"column":null}},"type":"if","locations":[{"start":{"line":129,"column":4},"end":{"line":129,"column":null}},{"start":{},"end":{}}],"line":129},"13":{"loc":{"start":{"line":135,"column":4},"end":{"line":135,"column":null}},"type":"if","locations":[{"start":{"line":135,"column":4},"end":{"line":135,"column":null}},{"start":{},"end":{}}],"line":135},"14":{"loc":{"start":{"line":141,"column":4},"end":{"line":141,"column":null}},"type":"if","locations":[{"start":{"line":141,"column":4},"end":{"line":141,"column":null}},{"start":{},"end":{}}],"line":141},"15":{"loc":{"start":{"line":152,"column":4},"end":{"line":159,"column":null}},"type":"if","locations":[{"start":{"line":152,"column":4},"end":{"line":159,"column":null}},{"start":{"line":158,"column":11},"end":{"line":159,"column":null}}],"line":152},"16":{"loc":{"start":{"line":164,"column":4},"end":{"line":164,"column":null}},"type":"if","locations":[{"start":{"line":164,"column":4},"end":{"line":164,"column":null}},{"start":{},"end":{}}],"line":164},"17":{"loc":{"start":{"line":173,"column":4},"end":{"line":173,"column":null}},"type":"if","locations":[{"start":{"line":173,"column":4},"end":{"line":173,"column":null}},{"start":{},"end":{}}],"line":173}},"s":{"0":1,"1":4,"2":4,"3":4,"4":4,"5":4,"6":4,"7":4,"8":4,"9":4,"10":4,"11":4,"12":3,"13":2,"14":1,"15":4,"16":4,"17":1,"18":0,"19":1,"20":1,"21":0,"22":0,"23":0,"24":0,"25":1,"26":0,"27":1,"28":1,"29":1,"30":0,"31":0,"32":0,"33":0,"34":0,"35":0,"36":0,"37":0,"38":0,"39":0,"40":0,"41":0,"42":4,"43":4,"44":4,"45":4,"46":1,"47":0,"48":0,"49":0,"50":0,"51":0,"52":0,"53":0,"54":0,"55":0,"56":0,"57":0,"58":0,"59":9,"60":9,"61":0,"62":2,"63":0,"64":2,"65":2,"66":2,"67":2,"68":0,"69":2,"70":0,"71":0,"72":0,"73":0,"74":0,"75":0},"f":{"0":4,"1":3,"2":1,"3":0,"4":1,"5":0,"6":0,"7":0,"8":0,"9":4,"10":1,"11":0,"12":0,"13":0,"14":0,"15":9,"16":2,"17":0},"b":{"0":[2,1],"1":[3,1],"2":[0,1],"3":[0,0],"4":[0,1],"5":[0,0],"6":[0,0],"7":[0,0],"8":[0,0],"9":[4,0],"10":[4,4],"11":[0,0],"12":[0,0],"13":[0,0],"14":[0,0],"15":[9,0],"16":[0,2],"17":[0,0]},"meta":{"lastBranch":18,"lastFunction":18,"lastStatement":76,"seen":{"s:25:24:25:Infinity":0,"f:33:2:33:14":0,"s:34:4:34:Infinity":1,"s:35:4:35:Infinity":2,"s:36:4:36:Infinity":3,"s:37:4:37:Infinity":4,"s:40:4:40:Infinity":5,"s:43:4:43:Infinity":6,"s:47:4:47:Infinity":7,"s:49:4:49:Infinity":8,"s:51:4:51:Infinity":9,"s:55:4:55:Infinity":10,"s:58:4:60:Infinity":11,"f:58:9:58:22":1,"b:59:6:59:Infinity:undefined:undefined:undefined:undefined":0,"s:59:6:59:Infinity":12,"b:59:10:59:36:59:36:59:52":1,"s:59:52:59:Infinity":13,"s:60:6:60:Infinity":14,"s:62:4:62:Infinity":15,"s:65:4:113:Infinity":16,"f:67:46:67:49":2,"b:68:8:68:Infinity:undefined:undefined:undefined:undefined":2,"s:68:8:68:Infinity":17,"s:68:28:68:Infinity":18,"s:69:14:69:57":19,"s:70:8:70:Infinity":20,"f:72:53:72:61":3,"b:73:8:73:Infinity:undefined:undefined:undefined:undefined":3,"s:73:8:73:Infinity":21,"s:73:28:73:Infinity":22,"s:75:22:75:49":23,"s:76:8:76:Infinity":24,"f:78:54:78:57":4,"b:79:8:79:Infinity:undefined:undefined:undefined:undefined":4,"s:79:8:79:Infinity":25,"s:79:28:79:Infinity":26,"s:80:14:80:55":27,"s:81:8:81:Infinity":28,"s:82:8:82:Infinity":29,"f:85:51:85:54":5,"b:86:8:86:Infinity:undefined:undefined:undefined:undefined":5,"s:86:8:86:Infinity":30,"s:86:28:86:Infinity":31,"s:87:8:87:Infinity":32,"f:89:52:89:60":6,"b:90:8:90:Infinity:undefined:undefined:undefined:undefined":6,"s:90:8:90:Infinity":33,"s:90:28:90:Infinity":34,"s:91:8:91:Infinity":35,"f:93:50:93:53":7,"b:94:8:94:Infinity:undefined:undefined:undefined:undefined":7,"s:94:8:94:Infinity":36,"s:94:28:94:Infinity":37,"s:95:8:95:Infinity":38,"f:98:48:98:51":8,"b:99:8:99:Infinity:undefined:undefined:undefined:undefined":8,"s:99:8:99:Infinity":39,"s:99:28:99:Infinity":40,"s:100:8:100:Infinity":41,"f:102:7:102:18":9,"b:103:8:111:Infinity:undefined:undefined:undefined:undefined":9,"s:103:8:111:Infinity":42,"b:103:12:103:39:103:39:103:56":10,"s:105:10:105:Infinity":43,"s:107:10:107:Infinity":44,"s:109:10:111:Infinity":45,"f:109:30:109:47":10,"s:110:12:110:Infinity":46,"f:117:2:117:11":11,"b:118:4:121:Infinity:120:11:121:Infinity":11,"s:118:4:121:Infinity":47,"s:119:6:119:Infinity":48,"s:121:6:121:Infinity":49,"f:128:2:128:20":12,"b:129:4:129:Infinity:undefined:undefined:undefined:undefined":12,"s:129:4:129:Infinity":50,"s:129:24:129:Infinity":51,"s:130:4:130:Infinity":52,"f:134:2:134:17":13,"b:135:4:135:Infinity:undefined:undefined:undefined:undefined":13,"s:135:4:135:Infinity":53,"s:135:24:135:Infinity":54,"s:136:4:136:Infinity":55,"f:140:2:140:23":14,"b:141:4:141:Infinity:undefined:undefined:undefined:undefined":14,"s:141:4:141:Infinity":56,"s:141:24:141:Infinity":57,"s:142:4:142:Infinity":58,"f:151:2:151:8":15,"b:152:4:159:Infinity:158:11:159:Infinity":15,"s:152:4:159:Infinity":59,"s:153:6:157:Infinity":60,"s:159:6:159:Infinity":61,"f:163:2:163:16":16,"b:164:4:164:Infinity:undefined:undefined:undefined:undefined":16,"s:164:4:164:Infinity":62,"s:164:21:164:Infinity":63,"s:165:4:165:Infinity":64,"s:166:4:166:Infinity":65,"s:167:4:167:Infinity":66,"s:168:4:168:Infinity":67,"s:168:46:168:Infinity":68,"s:169:4:169:Infinity":69,"f:172:2:172:12":17,"b:173:4:173:Infinity:undefined:undefined:undefined:undefined":17,"s:173:4:173:Infinity":70,"s:173:24:173:Infinity":71,"s:174:4:174:Infinity":72,"s:175:4:175:Infinity":73,"s:176:4:176:Infinity":74,"s:177:4:177:Infinity":75}}}
,"D:\\appassion\\projects\\my-first-fullstack\\frontend\\src\\lib\\yjs-encoding.js": {"path":"D:\\appassion\\projects\\my-first-fullstack\\frontend\\src\\lib\\yjs-encoding.js","statementMap":{"0":{"start":{"line":26,"column":15},"end":{"line":26,"column":null}},"1":{"start":{"line":27,"column":2},"end":{"line":28,"column":null}},"2":{"start":{"line":27,"column":15},"end":{"line":27,"column":18}},"3":{"start":{"line":28,"column":4},"end":{"line":28,"column":null}},"4":{"start":{"line":30,"column":2},"end":{"line":30,"column":null}},"5":{"start":{"line":39,"column":17},"end":{"line":39,"column":29}},"6":{"start":{"line":40,"column":16},"end":{"line":40,"column":45}},"7":{"start":{"line":41,"column":2},"end":{"line":42,"column":null}},"8":{"start":{"line":41,"column":15},"end":{"line":41,"column":18}},"9":{"start":{"line":42,"column":4},"end":{"line":42,"column":null}},"10":{"start":{"line":44,"column":2},"end":{"line":44,"column":null}},"11":{"start":{"line":57,"column":12},"end":{"line":57,"column":null}},"12":{"start":{"line":58,"column":2},"end":{"line":59,"column":null}},"13":{"start":{"line":58,"column":15},"end":{"line":58,"column":18}},"14":{"start":{"line":59,"column":4},"end":{"line":59,"column":null}},"15":{"start":{"line":61,"column":2},"end":{"line":61,"column":null}},"16":{"start":{"line":70,"column":16},"end":{"line":70,"column":null}},"17":{"start":{"line":71,"column":16},"end":{"line":71,"column":48}},"18":{"start":{"line":72,"column":2},"end":{"line":73,"column":null}},"19":{"start":{"line":72,"column":15},"end":{"line":72,"column":18}},"20":{"start":{"line":73,"column":4},"end":{"line":73,"column":null}},"21":{"start":{"line":75,"column":2},"end":{"line":75,"column":null}}},"fnMap":{"0":{"name":"uint8ArrayToBase64","decl":{"start":{"line":25,"column":16},"end":{"line":25,"column":35}},"loc":{"start":{"line":25,"column":47},"end":{"line":30,"column":null}},"line":25},"1":{"name":"base64ToUint8Array","decl":{"start":{"line":38,"column":16},"end":{"line":38,"column":35}},"loc":{"start":{"line":38,"column":43},"end":{"line":44,"column":null}},"line":38},"2":{"name":"uint8ArrayToHex","decl":{"start":{"line":56,"column":16},"end":{"line":56,"column":32}},"loc":{"start":{"line":56,"column":44},"end":{"line":61,"column":null}},"line":56},"3":{"name":"hexToUint8Array","decl":{"start":{"line":69,"column":16},"end":{"line":69,"column":32}},"loc":{"start":{"line":69,"column":37},"end":{"line":75,"column":null}},"line":69}},"branchMap":{"0":{"loc":{"start":{"line":70,"column":16},"end":{"line":70,"column":null}},"type":"cond-expr","locations":[{"start":{"line":70,"column":40},"end":{"line":70,"column":52}},{"start":{"line":70,"column":55},"end":{"line":70,"column":null}}],"line":70}},"s":{"0":5,"1":5,"2":5,"3":93,"4":5,"5":4,"6":4,"7":4,"8":4,"9":66,"10":4,"11":2,"12":2,"13":2,"14":6,"15":2,"16":2,"17":2,"18":2,"19":2,"20":6,"21":2},"f":{"0":5,"1":4,"2":2,"3":2},"b":{"0":[2,0]},"meta":{"lastBranch":1,"lastFunction":4,"lastStatement":22,"seen":{"f:25:16:25:35":0,"s:26:15:26:Infinity":0,"s:27:2:28:Infinity":1,"s:27:15:27:18":2,"s:28:4:28:Infinity":3,"s:30:2:30:Infinity":4,"f:38:16:38:35":1,"s:39:17:39:29":5,"s:40:16:40:45":6,"s:41:2:42:Infinity":7,"s:41:15:41:18":8,"s:42:4:42:Infinity":9,"s:44:2:44:Infinity":10,"f:56:16:56:32":2,"s:57:12:57:Infinity":11,"s:58:2:59:Infinity":12,"s:58:15:58:18":13,"s:59:4:59:Infinity":14,"s:61:2:61:Infinity":15,"f:69:16:69:32":3,"s:70:16:70:Infinity":16,"b:70:40:70:52:70:55:70:Infinity":0,"s:71:16:71:48":17,"s:72:2:73:Infinity":18,"s:72:15:72:18":19,"s:73:4:73:Infinity":20,"s:75:2:75:Infinity":21}}}
}
